{"C:\\localWork\\localWork\\backend\\src\\app.ts": {"path":"C:\\localWork\\localWork\\backend\\src\\app.ts","statementMap":{"0":{"start":{"line":15,"column":6},"end":{"line":15,"column":21}},"1":{"start":{"line":18,"column":0},"end":{"line":18,"column":null}},"2":{"start":{"line":19,"column":0},"end":{"line":24,"column":null}},"3":{"start":{"line":27,"column":6},"end":{"line":31,"column":2}},"4":{"start":{"line":32,"column":0},"end":{"line":32,"column":null}},"5":{"start":{"line":35,"column":6},"end":{"line":39,"column":2}},"6":{"start":{"line":40,"column":0},"end":{"line":40,"column":null}},"7":{"start":{"line":41,"column":0},"end":{"line":41,"column":null}},"8":{"start":{"line":42,"column":0},"end":{"line":42,"column":null}},"9":{"start":{"line":45,"column":6},"end":{"line":49,"column":2}},"10":{"start":{"line":50,"column":0},"end":{"line":50,"column":null}},"11":{"start":{"line":51,"column":0},"end":{"line":51,"column":null}},"12":{"start":{"line":54,"column":0},"end":{"line":54,"column":null}},"13":{"start":{"line":55,"column":0},"end":{"line":55,"column":null}},"14":{"start":{"line":58,"column":0},"end":{"line":61,"column":null}},"15":{"start":{"line":59,"column":2},"end":{"line":59,"column":null}},"16":{"start":{"line":61,"column":2},"end":{"line":61,"column":null}},"17":{"start":{"line":65,"column":0},"end":{"line":66,"column":null}},"18":{"start":{"line":66,"column":2},"end":{"line":66,"column":null}},"19":{"start":{"line":70,"column":0},"end":{"line":76,"column":null}},"20":{"start":{"line":71,"column":2},"end":{"line":75,"column":null}},"21":{"start":{"line":77,"column":0},"end":{"line":77,"column":null}},"22":{"start":{"line":80,"column":0},"end":{"line":80,"column":null}},"23":{"start":{"line":81,"column":0},"end":{"line":81,"column":null}}},"fnMap":{"0":{"name":"(anonymous_0)","decl":{"start":{"line":70,"column":8},"end":{"line":70,"column":14}},"loc":{"start":{"line":70,"column":28},"end":{"line":76,"column":null}},"line":70}},"branchMap":{"0":{"loc":{"start":{"line":58,"column":0},"end":{"line":61,"column":null}},"type":"if","locations":[{"start":{"line":58,"column":0},"end":{"line":61,"column":null}},{"start":{"line":60,"column":7},"end":{"line":61,"column":null}}],"line":58},"1":{"loc":{"start":{"line":65,"column":0},"end":{"line":66,"column":null}},"type":"if","locations":[{"start":{"line":65,"column":0},"end":{"line":66,"column":null}},{"start":{},"end":{}}],"line":65}},"s":{"0":11,"1":11,"2":11,"3":11,"4":11,"5":11,"6":11,"7":11,"8":11,"9":11,"10":11,"11":11,"12":11,"13":11,"14":11,"15":1,"16":10,"17":11,"18":1,"19":11,"20":1,"21":11,"22":11,"23":11},"f":{"0":1},"b":{"0":[1,10],"1":[1,10]},"meta":{"lastBranch":2,"lastFunction":1,"lastStatement":24,"seen":{"s:15:6:15:21":0,"s:18:0:18:Infinity":1,"s:19:0:24:Infinity":2,"s:27:6:31:2":3,"s:32:0:32:Infinity":4,"s:35:6:39:2":5,"s:40:0:40:Infinity":6,"s:41:0:41:Infinity":7,"s:42:0:42:Infinity":8,"s:45:6:49:2":9,"s:50:0:50:Infinity":10,"s:51:0:51:Infinity":11,"s:54:0:54:Infinity":12,"s:55:0:55:Infinity":13,"b:58:0:61:Infinity:60:7:61:Infinity":0,"s:58:0:61:Infinity":14,"s:59:2:59:Infinity":15,"s:61:2:61:Infinity":16,"b:65:0:66:Infinity:undefined:undefined:undefined:undefined":1,"s:65:0:66:Infinity":17,"s:66:2:66:Infinity":18,"s:70:0:76:Infinity":19,"f:70:8:70:14":0,"s:71:2:75:Infinity":20,"s:77:0:77:Infinity":21,"s:80:0:80:Infinity":22,"s:81:0:81:Infinity":23}}}
,"C:\\localWork\\localWork\\backend\\src\\config\\env.ts": {"path":"C:\\localWork\\localWork\\backend\\src\\config\\env.ts","statementMap":{"0":{"start":{"line":7,"column":0},"end":{"line":7,"column":null}},"1":{"start":{"line":9,"column":27},"end":{"line":16,"column":null}},"2":{"start":{"line":18,"column":30},"end":{"line":20,"column":null}},"3":{"start":{"line":23,"column":18},"end":{"line":32,"column":2}},"4":{"start":{"line":34,"column":20},"end":{"line":34,"column":52}},"5":{"start":{"line":36,"column":0},"end":{"line":43,"column":null}},"6":{"start":{"line":37,"column":17},"end":{"line":37,"column":104}},"7":{"start":{"line":37,"column":53},"end":{"line":37,"column":89}},"8":{"start":{"line":39,"column":2},"end":{"line":43,"column":null}},"9":{"start":{"line":40,"column":4},"end":{"line":40,"column":null}},"10":{"start":{"line":42,"column":4},"end":{"line":42,"column":null}},"11":{"start":{"line":43,"column":4},"end":{"line":43,"column":null}},"12":{"start":{"line":47,"column":12},"end":{"line":47,"column":null}},"13":{"start":{"line":49,"column":19},"end":{"line":61,"column":null}},"14":{"start":{"line":57,"column":53},"end":{"line":57,"column":61}}},"fnMap":{"0":{"name":"(anonymous_0)","decl":{"start":{"line":37,"column":42},"end":{"line":37,"column":47}},"loc":{"start":{"line":37,"column":53},"end":{"line":37,"column":89}},"line":37},"1":{"name":"(anonymous_1)","decl":{"start":{"line":57,"column":34},"end":{"line":57,"column":39}},"loc":{"start":{"line":57,"column":53},"end":{"line":57,"column":61}},"line":57}},"branchMap":{"0":{"loc":{"start":{"line":36,"column":0},"end":{"line":43,"column":null}},"type":"if","locations":[{"start":{"line":36,"column":0},"end":{"line":43,"column":null}},{"start":{},"end":{}}],"line":36},"1":{"loc":{"start":{"line":39,"column":2},"end":{"line":43,"column":null}},"type":"if","locations":[{"start":{"line":39,"column":2},"end":{"line":43,"column":null}},{"start":{"line":41,"column":9},"end":{"line":43,"column":null}}],"line":39},"2":{"loc":{"start":{"line":47,"column":12},"end":{"line":47,"column":null}},"type":"cond-expr","locations":[{"start":{"line":47,"column":34},"end":{"line":47,"column":54}},{"start":{"line":47,"column":54},"end":{"line":47,"column":null}}],"line":47},"3":{"loc":{"start":{"line":56,"column":15},"end":{"line":58,"column":null}},"type":"cond-expr","locations":[{"start":{"line":57,"column":6},"end":{"line":57,"column":62}},{"start":{"line":58,"column":7},"end":{"line":58,"column":null}}],"line":56},"4":{"loc":{"start":{"line":58,"column":7},"end":{"line":58,"column":null}},"type":"cond-expr","locations":[{"start":{"line":58,"column":39},"end":{"line":58,"column":63}},{"start":{"line":58,"column":63},"end":{"line":58,"column":null}}],"line":58}},"s":{"0":2,"1":2,"2":2,"3":2,"4":2,"5":2,"6":0,"7":0,"8":0,"9":0,"10":0,"11":0,"12":2,"13":2,"14":0},"f":{"0":0,"1":0},"b":{"0":[0,2],"1":[0,0],"2":[2,0],"3":[0,2],"4":[0,2]},"meta":{"lastBranch":5,"lastFunction":2,"lastStatement":15,"seen":{"s:7:0:7:Infinity":0,"s:9:27:16:Infinity":1,"s:18:30:20:Infinity":2,"s:23:18:32:2":3,"s:34:20:34:52":4,"b:36:0:43:Infinity:undefined:undefined:undefined:undefined":0,"s:36:0:43:Infinity":5,"s:37:17:37:104":6,"f:37:42:37:47":0,"s:37:53:37:89":7,"b:39:2:43:Infinity:41:9:43:Infinity":1,"s:39:2:43:Infinity":8,"s:40:4:40:Infinity":9,"s:42:4:42:Infinity":10,"s:43:4:43:Infinity":11,"s:47:12:47:Infinity":12,"b:47:34:47:54:47:54:47:Infinity":2,"s:49:19:61:Infinity":13,"b:57:6:57:62:58:7:58:Infinity":3,"f:57:34:57:39":1,"s:57:53:57:61":14,"b:58:39:58:63:58:63:58:Infinity":4}}}
,"C:\\localWork\\localWork\\backend\\src\\config\\supabase.ts": {"path":"C:\\localWork\\localWork\\backend\\src\\config\\supabase.ts","statementMap":{"0":{"start":{"line":9,"column":13},"end":{"line":17,"column":null}},"1":{"start":{"line":23,"column":2},"end":{"line":33,"column":null}}},"fnMap":{"0":{"name":"createSupabaseClient","decl":{"start":{"line":22,"column":16},"end":{"line":22,"column":37}},"loc":{"start":{"line":22,"column":75},"end":{"line":33,"column":null}},"line":22}},"branchMap":{"0":{"loc":{"start":{"line":25,"column":15},"end":{"line":27,"column":12}},"type":"cond-expr","locations":[{"start":{"line":26,"column":10},"end":{"line":26,"column":52}},{"start":{"line":27,"column":10},"end":{"line":27,"column":12}}],"line":25}},"s":{"0":1,"1":0},"f":{"0":0},"b":{"0":[0,0]},"meta":{"lastBranch":1,"lastFunction":1,"lastStatement":2,"seen":{"s:9:13:17:Infinity":0,"f:22:16:22:37":0,"s:23:2:33:Infinity":1,"b:26:10:26:52:27:10:27:12":0}}}
,"C:\\localWork\\localWork\\backend\\src\\config\\swagger.ts": {"path":"C:\\localWork\\localWork\\backend\\src\\config\\swagger.ts","statementMap":{"0":{"start":{"line":6,"column":38},"end":{"line":40,"column":null}},"1":{"start":{"line":42,"column":13},"end":{"line":42,"column":48}}},"fnMap":{},"branchMap":{},"s":{"0":11,"1":11},"f":{},"b":{},"meta":{"lastBranch":0,"lastFunction":0,"lastStatement":2,"seen":{"s:6:38:40:Infinity":0,"s:42:13:42:48":1}}}
,"C:\\localWork\\localWork\\backend\\src\\controllers\\admin.controller.ts": {"path":"C:\\localWork\\localWork\\backend\\src\\controllers\\admin.controller.ts","statementMap":{"0":{"start":{"line":12,"column":28},"end":{"line":15,"column":15}},"1":{"start":{"line":17,"column":4},"end":{"line":17,"column":null}},"2":{"start":{"line":17,"column":15},"end":{"line":17,"column":null}},"3":{"start":{"line":18,"column":4},"end":{"line":18,"column":null}},"4":{"start":{"line":23,"column":28},"end":{"line":26,"column":43}},"5":{"start":{"line":28,"column":4},"end":{"line":28,"column":null}},"6":{"start":{"line":28,"column":15},"end":{"line":28,"column":null}},"7":{"start":{"line":29,"column":4},"end":{"line":29,"column":null}},"8":{"start":{"line":34,"column":23},"end":{"line":34,"column":null}},"9":{"start":{"line":35,"column":23},"end":{"line":35,"column":null}},"10":{"start":{"line":37,"column":4},"end":{"line":38,"column":null}},"11":{"start":{"line":38,"column":6},"end":{"line":38,"column":null}},"12":{"start":{"line":41,"column":28},"end":{"line":46,"column":15}},"13":{"start":{"line":48,"column":4},"end":{"line":48,"column":null}},"14":{"start":{"line":48,"column":15},"end":{"line":48,"column":null}},"15":{"start":{"line":51,"column":4},"end":{"line":51,"column":null}}},"fnMap":{"0":{"name":"(anonymous_0)","decl":{"start":{"line":11,"column":15},"end":{"line":11,"column":32}},"loc":{"start":{"line":11,"column":77},"end":{"line":18,"column":null}},"line":11},"1":{"name":"(anonymous_1)","decl":{"start":{"line":22,"column":15},"end":{"line":22,"column":39}},"loc":{"start":{"line":22,"column":84},"end":{"line":29,"column":null}},"line":22},"2":{"name":"(anonymous_2)","decl":{"start":{"line":33,"column":15},"end":{"line":33,"column":40}},"loc":{"start":{"line":33,"column":84},"end":{"line":51,"column":null}},"line":33}},"branchMap":{"0":{"loc":{"start":{"line":17,"column":4},"end":{"line":17,"column":null}},"type":"if","locations":[{"start":{"line":17,"column":4},"end":{"line":17,"column":null}},{"start":{},"end":{}}],"line":17},"1":{"loc":{"start":{"line":28,"column":4},"end":{"line":28,"column":null}},"type":"if","locations":[{"start":{"line":28,"column":4},"end":{"line":28,"column":null}},{"start":{},"end":{}}],"line":28},"2":{"loc":{"start":{"line":37,"column":4},"end":{"line":38,"column":null}},"type":"if","locations":[{"start":{"line":37,"column":4},"end":{"line":38,"column":null}},{"start":{},"end":{}}],"line":37},"3":{"loc":{"start":{"line":48,"column":4},"end":{"line":48,"column":null}},"type":"if","locations":[{"start":{"line":48,"column":4},"end":{"line":48,"column":null}},{"start":{},"end":{}}],"line":48}},"s":{"0":1,"1":1,"2":0,"3":1,"4":1,"5":1,"6":0,"7":1,"8":2,"9":2,"10":2,"11":1,"12":1,"13":1,"14":0,"15":1},"f":{"0":12,"1":12,"2":12},"b":{"0":[0,1],"1":[0,1],"2":[1,1],"3":[0,1]},"meta":{"lastBranch":4,"lastFunction":3,"lastStatement":16,"seen":{"f:11:15:11:32":0,"s:12:28:15:15":0,"b:17:4:17:Infinity:undefined:undefined:undefined:undefined":0,"s:17:4:17:Infinity":1,"s:17:15:17:Infinity":2,"s:18:4:18:Infinity":3,"f:22:15:22:39":1,"s:23:28:26:43":4,"b:28:4:28:Infinity:undefined:undefined:undefined:undefined":1,"s:28:4:28:Infinity":5,"s:28:15:28:Infinity":6,"s:29:4:29:Infinity":7,"f:33:15:33:40":2,"s:34:23:34:Infinity":8,"s:35:23:35:Infinity":9,"b:37:4:38:Infinity:undefined:undefined:undefined:undefined":2,"s:37:4:38:Infinity":10,"s:38:6:38:Infinity":11,"s:41:28:46:15":12,"b:48:4:48:Infinity:undefined:undefined:undefined:undefined":3,"s:48:4:48:Infinity":13,"s:48:15:48:Infinity":14,"s:51:4:51:Infinity":15}}}
,"C:\\localWork\\localWork\\backend\\src\\controllers\\applications.controller.ts": {"path":"C:\\localWork\\localWork\\backend\\src\\controllers\\applications.controller.ts","statementMap":{"0":{"start":{"line":12,"column":4},"end":{"line":42,"column":null}},"1":{"start":{"line":13,"column":42},"end":{"line":13,"column":null}},"2":{"start":{"line":15,"column":6},"end":{"line":32,"column":null}},"3":{"start":{"line":16,"column":20},"end":{"line":16,"column":58}},"4":{"start":{"line":17,"column":21},"end":{"line":17,"column":null}},"5":{"start":{"line":19,"column":39},"end":{"line":24,"column":12}},"6":{"start":{"line":26,"column":8},"end":{"line":26,"column":null}},"7":{"start":{"line":26,"column":25},"end":{"line":26,"column":null}},"8":{"start":{"line":28,"column":34},"end":{"line":30,"column":29}},"9":{"start":{"line":32,"column":8},"end":{"line":32,"column":null}},"10":{"start":{"line":35,"column":26},"end":{"line":39,"column":null}},"11":{"start":{"line":41,"column":6},"end":{"line":41,"column":null}},"12":{"start":{"line":42,"column":20},"end":{"line":42,"column":null}},"13":{"start":{"line":46,"column":4},"end":{"line":54,"column":null}},"14":{"start":{"line":47,"column":21},"end":{"line":51,"column":null}},"15":{"start":{"line":53,"column":6},"end":{"line":53,"column":null}},"16":{"start":{"line":54,"column":20},"end":{"line":54,"column":null}},"17":{"start":{"line":58,"column":4},"end":{"line":66,"column":null}},"18":{"start":{"line":59,"column":21},"end":{"line":63,"column":null}},"19":{"start":{"line":65,"column":6},"end":{"line":65,"column":null}},"20":{"start":{"line":66,"column":20},"end":{"line":66,"column":null}},"21":{"start":{"line":70,"column":4},"end":{"line":73,"column":null}},"22":{"start":{"line":71,"column":26},"end":{"line":71,"column":96}},"23":{"start":{"line":72,"column":6},"end":{"line":72,"column":null}},"24":{"start":{"line":73,"column":20},"end":{"line":73,"column":null}},"25":{"start":{"line":77,"column":4},"end":{"line":85,"column":null}},"26":{"start":{"line":78,"column":26},"end":{"line":82,"column":null}},"27":{"start":{"line":84,"column":6},"end":{"line":84,"column":null}},"28":{"start":{"line":85,"column":20},"end":{"line":85,"column":null}},"29":{"start":{"line":89,"column":4},"end":{"line":92,"column":null}},"30":{"start":{"line":90,"column":6},"end":{"line":90,"column":null}},"31":{"start":{"line":91,"column":6},"end":{"line":91,"column":null}},"32":{"start":{"line":92,"column":20},"end":{"line":92,"column":null}}},"fnMap":{"0":{"name":"(anonymous_0)","decl":{"start":{"line":11,"column":15},"end":{"line":11,"column":21}},"loc":{"start":{"line":11,"column":83},"end":{"line":42,"column":null}},"line":11},"1":{"name":"(anonymous_1)","decl":{"start":{"line":45,"column":15},"end":{"line":45,"column":33}},"loc":{"start":{"line":45,"column":95},"end":{"line":54,"column":null}},"line":45},"2":{"name":"(anonymous_2)","decl":{"start":{"line":57,"column":15},"end":{"line":57,"column":25}},"loc":{"start":{"line":57,"column":87},"end":{"line":66,"column":null}},"line":57},"3":{"name":"(anonymous_3)","decl":{"start":{"line":69,"column":15},"end":{"line":69,"column":29}},"loc":{"start":{"line":69,"column":91},"end":{"line":73,"column":null}},"line":69},"4":{"name":"(anonymous_4)","decl":{"start":{"line":76,"column":15},"end":{"line":76,"column":28}},"loc":{"start":{"line":76,"column":90},"end":{"line":85,"column":null}},"line":76},"5":{"name":"(anonymous_5)","decl":{"start":{"line":88,"column":15},"end":{"line":88,"column":24}},"loc":{"start":{"line":88,"column":86},"end":{"line":92,"column":null}},"line":88}},"branchMap":{"0":{"loc":{"start":{"line":15,"column":6},"end":{"line":32,"column":null}},"type":"if","locations":[{"start":{"line":15,"column":6},"end":{"line":32,"column":null}},{"start":{},"end":{}}],"line":15},"1":{"loc":{"start":{"line":26,"column":8},"end":{"line":26,"column":null}},"type":"if","locations":[{"start":{"line":26,"column":8},"end":{"line":26,"column":null}},{"start":{},"end":{}}],"line":26},"2":{"loc":{"start":{"line":49,"column":8},"end":{"line":49,"column":null}},"type":"binary-expr","locations":[{"start":{"line":49,"column":8},"end":{"line":49,"column":42}},{"start":{"line":49,"column":46},"end":{"line":49,"column":null}}],"line":49},"3":{"loc":{"start":{"line":50,"column":17},"end":{"line":50,"column":63}},"type":"binary-expr","locations":[{"start":{"line":50,"column":17},"end":{"line":50,"column":55}},{"start":{"line":50,"column":59},"end":{"line":50,"column":63}}],"line":50},"4":{"loc":{"start":{"line":62,"column":8},"end":{"line":62,"column":null}},"type":"binary-expr","locations":[{"start":{"line":62,"column":8},"end":{"line":62,"column":42}},{"start":{"line":62,"column":46},"end":{"line":62,"column":null}}],"line":62},"5":{"loc":{"start":{"line":63,"column":17},"end":{"line":63,"column":63}},"type":"binary-expr","locations":[{"start":{"line":63,"column":17},"end":{"line":63,"column":55}},{"start":{"line":63,"column":59},"end":{"line":63,"column":63}}],"line":63},"6":{"loc":{"start":{"line":72,"column":15},"end":{"line":72,"column":35}},"type":"binary-expr","locations":[{"start":{"line":72,"column":15},"end":{"line":72,"column":30}},{"start":{"line":72,"column":30},"end":{"line":72,"column":35}}],"line":72}},"s":{"0":0,"1":0,"2":0,"3":0,"4":0,"5":0,"6":0,"7":0,"8":0,"9":0,"10":0,"11":0,"12":0,"13":0,"14":0,"15":0,"16":0,"17":0,"18":0,"19":0,"20":0,"21":0,"22":0,"23":0,"24":0,"25":0,"26":0,"27":0,"28":0,"29":0,"30":0,"31":0,"32":0},"f":{"0":11,"1":11,"2":11,"3":11,"4":11,"5":11},"b":{"0":[0,0],"1":[0,0],"2":[0,0],"3":[0,0],"4":[0,0],"5":[0,0],"6":[0,0]},"meta":{"lastBranch":7,"lastFunction":6,"lastStatement":33,"seen":{"f:11:15:11:21":0,"s:12:4:42:Infinity":0,"s:13:42:13:Infinity":1,"b:15:6:32:Infinity:undefined:undefined:undefined:undefined":0,"s:15:6:32:Infinity":2,"s:16:20:16:58":3,"s:17:21:17:Infinity":4,"s:19:39:24:12":5,"b:26:8:26:Infinity:undefined:undefined:undefined:undefined":1,"s:26:8:26:Infinity":6,"s:26:25:26:Infinity":7,"s:28:34:30:29":8,"s:32:8:32:Infinity":9,"s:35:26:39:Infinity":10,"s:41:6:41:Infinity":11,"s:42:20:42:Infinity":12,"f:45:15:45:33":1,"s:46:4:54:Infinity":13,"s:47:21:51:Infinity":14,"b:49:8:49:42:49:46:49:Infinity":2,"b:50:17:50:55:50:59:50:63":3,"s:53:6:53:Infinity":15,"s:54:20:54:Infinity":16,"f:57:15:57:25":2,"s:58:4:66:Infinity":17,"s:59:21:63:Infinity":18,"b:62:8:62:42:62:46:62:Infinity":4,"b:63:17:63:55:63:59:63:63":5,"s:65:6:65:Infinity":19,"s:66:20:66:Infinity":20,"f:69:15:69:29":3,"s:70:4:73:Infinity":21,"s:71:26:71:96":22,"s:72:6:72:Infinity":23,"b:72:15:72:30:72:30:72:35":6,"s:73:20:73:Infinity":24,"f:76:15:76:28":4,"s:77:4:85:Infinity":25,"s:78:26:82:Infinity":26,"s:84:6:84:Infinity":27,"s:85:20:85:Infinity":28,"f:88:15:88:24":5,"s:89:4:92:Infinity":29,"s:90:6:90:Infinity":30,"s:91:6:91:Infinity":31,"s:92:20:92:Infinity":32}}}
,"C:\\localWork\\localWork\\backend\\src\\controllers\\auth.controller.ts": {"path":"C:\\localWork\\localWork\\backend\\src\\controllers\\auth.controller.ts","statementMap":{"0":{"start":{"line":10,"column":23},"end":{"line":19,"column":2}},"1":{"start":{"line":21,"column":20},"end":{"line":24,"column":2}},"2":{"start":{"line":26,"column":28},"end":{"line":28,"column":2}},"3":{"start":{"line":30,"column":28},"end":{"line":42,"column":2}},"4":{"start":{"line":47,"column":4},"end":{"line":54,"column":null}},"5":{"start":{"line":48,"column":21},"end":{"line":48,"column":55}},"6":{"start":{"line":49,"column":6},"end":{"line":50,"column":null}},"7":{"start":{"line":50,"column":8},"end":{"line":50,"column":null}},"8":{"start":{"line":52,"column":21},"end":{"line":52,"column":60}},"9":{"start":{"line":53,"column":6},"end":{"line":53,"column":null}},"10":{"start":{"line":54,"column":20},"end":{"line":54,"column":null}},"11":{"start":{"line":58,"column":4},"end":{"line":65,"column":null}},"12":{"start":{"line":59,"column":21},"end":{"line":59,"column":52}},"13":{"start":{"line":60,"column":6},"end":{"line":61,"column":null}},"14":{"start":{"line":61,"column":8},"end":{"line":61,"column":null}},"15":{"start":{"line":63,"column":21},"end":{"line":63,"column":57}},"16":{"start":{"line":64,"column":6},"end":{"line":64,"column":null}},"17":{"start":{"line":65,"column":20},"end":{"line":65,"column":null}},"18":{"start":{"line":69,"column":4},"end":{"line":69,"column":null}},"19":{"start":{"line":73,"column":4},"end":{"line":76,"column":null}},"20":{"start":{"line":74,"column":22},"end":{"line":74,"column":63}},"21":{"start":{"line":75,"column":6},"end":{"line":75,"column":null}},"22":{"start":{"line":76,"column":20},"end":{"line":76,"column":null}},"23":{"start":{"line":80,"column":4},"end":{"line":88,"column":null}},"24":{"start":{"line":81,"column":21},"end":{"line":81,"column":60}},"25":{"start":{"line":82,"column":6},"end":{"line":83,"column":null}},"26":{"start":{"line":83,"column":8},"end":{"line":83,"column":null}},"27":{"start":{"line":86,"column":22},"end":{"line":86,"column":86}},"28":{"start":{"line":87,"column":6},"end":{"line":87,"column":null}},"29":{"start":{"line":88,"column":20},"end":{"line":88,"column":null}},"30":{"start":{"line":92,"column":4},"end":{"line":99,"column":null}},"31":{"start":{"line":93,"column":21},"end":{"line":93,"column":60}},"32":{"start":{"line":94,"column":6},"end":{"line":95,"column":null}},"33":{"start":{"line":95,"column":8},"end":{"line":95,"column":null}},"34":{"start":{"line":97,"column":6},"end":{"line":97,"column":null}},"35":{"start":{"line":98,"column":6},"end":{"line":98,"column":null}},"36":{"start":{"line":99,"column":20},"end":{"line":99,"column":null}}},"fnMap":{"0":{"name":"(anonymous_0)","decl":{"start":{"line":46,"column":15},"end":{"line":46,"column":24}},"loc":{"start":{"line":46,"column":86},"end":{"line":54,"column":null}},"line":46},"1":{"name":"(anonymous_1)","decl":{"start":{"line":57,"column":15},"end":{"line":57,"column":21}},"loc":{"start":{"line":57,"column":83},"end":{"line":65,"column":null}},"line":57},"2":{"name":"(anonymous_2)","decl":{"start":{"line":68,"column":15},"end":{"line":68,"column":22}},"loc":{"start":{"line":68,"column":65},"end":{"line":69,"column":null}},"line":68},"3":{"name":"(anonymous_3)","decl":{"start":{"line":72,"column":15},"end":{"line":72,"column":26}},"loc":{"start":{"line":72,"column":88},"end":{"line":76,"column":null}},"line":72},"4":{"name":"(anonymous_4)","decl":{"start":{"line":79,"column":15},"end":{"line":79,"column":29}},"loc":{"start":{"line":79,"column":91},"end":{"line":88,"column":null}},"line":79},"5":{"name":"(anonymous_5)","decl":{"start":{"line":91,"column":15},"end":{"line":91,"column":29}},"loc":{"start":{"line":91,"column":91},"end":{"line":99,"column":null}},"line":91}},"branchMap":{"0":{"loc":{"start":{"line":49,"column":6},"end":{"line":50,"column":null}},"type":"if","locations":[{"start":{"line":49,"column":6},"end":{"line":50,"column":null}},{"start":{},"end":{}}],"line":49},"1":{"loc":{"start":{"line":60,"column":6},"end":{"line":61,"column":null}},"type":"if","locations":[{"start":{"line":60,"column":6},"end":{"line":61,"column":null}},{"start":{},"end":{}}],"line":60},"2":{"loc":{"start":{"line":82,"column":6},"end":{"line":83,"column":null}},"type":"if","locations":[{"start":{"line":82,"column":6},"end":{"line":83,"column":null}},{"start":{},"end":{}}],"line":82},"3":{"loc":{"start":{"line":94,"column":6},"end":{"line":95,"column":null}},"type":"if","locations":[{"start":{"line":94,"column":6},"end":{"line":95,"column":null}},{"start":{},"end":{}}],"line":94}},"s":{"0":12,"1":12,"2":12,"3":12,"4":4,"5":4,"6":4,"7":2,"8":2,"9":2,"10":2,"11":4,"12":4,"13":4,"14":2,"15":2,"16":2,"17":2,"18":1,"19":1,"20":1,"21":1,"22":0,"23":2,"24":2,"25":2,"26":1,"27":1,"28":1,"29":1,"30":3,"31":3,"32":3,"33":2,"34":1,"35":1,"36":2},"f":{"0":12,"1":12,"2":12,"3":12,"4":12,"5":12},"b":{"0":[2,2],"1":[2,2],"2":[1,1],"3":[2,1]},"meta":{"lastBranch":4,"lastFunction":6,"lastStatement":37,"seen":{"s:10:23:19:2":0,"s:21:20:24:2":1,"s:26:28:28:2":2,"s:30:28:42:2":3,"f:46:15:46:24":0,"s:47:4:54:Infinity":4,"s:48:21:48:55":5,"b:49:6:50:Infinity:undefined:undefined:undefined:undefined":0,"s:49:6:50:Infinity":6,"s:50:8:50:Infinity":7,"s:52:21:52:60":8,"s:53:6:53:Infinity":9,"s:54:20:54:Infinity":10,"f:57:15:57:21":1,"s:58:4:65:Infinity":11,"s:59:21:59:52":12,"b:60:6:61:Infinity:undefined:undefined:undefined:undefined":1,"s:60:6:61:Infinity":13,"s:61:8:61:Infinity":14,"s:63:21:63:57":15,"s:64:6:64:Infinity":16,"s:65:20:65:Infinity":17,"f:68:15:68:22":2,"s:69:4:69:Infinity":18,"f:72:15:72:26":3,"s:73:4:76:Infinity":19,"s:74:22:74:63":20,"s:75:6:75:Infinity":21,"s:76:20:76:Infinity":22,"f:79:15:79:29":4,"s:80:4:88:Infinity":23,"s:81:21:81:60":24,"b:82:6:83:Infinity:undefined:undefined:undefined:undefined":2,"s:82:6:83:Infinity":25,"s:83:8:83:Infinity":26,"s:86:22:86:86":27,"s:87:6:87:Infinity":28,"s:88:20:88:Infinity":29,"f:91:15:91:29":5,"s:92:4:99:Infinity":30,"s:93:21:93:60":31,"b:94:6:95:Infinity:undefined:undefined:undefined:undefined":3,"s:94:6:95:Infinity":32,"s:95:8:95:Infinity":33,"s:97:6:97:Infinity":34,"s:98:6:98:Infinity":35,"s:99:20:99:Infinity":36}}}
,"C:\\localWork\\localWork\\backend\\src\\controllers\\chat.controller.ts": {"path":"C:\\localWork\\localWork\\backend\\src\\controllers\\chat.controller.ts","statementMap":{"0":{"start":{"line":11,"column":4},"end":{"line":18,"column":null}},"1":{"start":{"line":12,"column":28},"end":{"line":12,"column":null}},"2":{"start":{"line":13,"column":6},"end":{"line":14,"column":null}},"3":{"start":{"line":14,"column":8},"end":{"line":14,"column":null}},"4":{"start":{"line":16,"column":21},"end":{"line":16,"column":98}},"5":{"start":{"line":17,"column":6},"end":{"line":17,"column":null}},"6":{"start":{"line":18,"column":20},"end":{"line":18,"column":null}},"7":{"start":{"line":22,"column":4},"end":{"line":25,"column":null}},"8":{"start":{"line":23,"column":19},"end":{"line":23,"column":67}},"9":{"start":{"line":24,"column":6},"end":{"line":24,"column":null}},"10":{"start":{"line":25,"column":20},"end":{"line":25,"column":null}},"11":{"start":{"line":29,"column":4},"end":{"line":34,"column":null}},"12":{"start":{"line":30,"column":27},"end":{"line":30,"column":null}},"13":{"start":{"line":31,"column":6},"end":{"line":31,"column":null}},"14":{"start":{"line":31,"column":25},"end":{"line":31,"column":null}},"15":{"start":{"line":32,"column":21},"end":{"line":32,"column":85}},"16":{"start":{"line":33,"column":6},"end":{"line":33,"column":null}},"17":{"start":{"line":34,"column":20},"end":{"line":34,"column":null}},"18":{"start":{"line":38,"column":4},"end":{"line":41,"column":null}},"19":{"start":{"line":39,"column":19},"end":{"line":39,"column":70}},"20":{"start":{"line":40,"column":6},"end":{"line":40,"column":null}},"21":{"start":{"line":41,"column":20},"end":{"line":41,"column":null}},"22":{"start":{"line":45,"column":4},"end":{"line":52,"column":null}},"23":{"start":{"line":46,"column":21},"end":{"line":46,"column":null}},"24":{"start":{"line":47,"column":6},"end":{"line":48,"column":null}},"25":{"start":{"line":48,"column":8},"end":{"line":48,"column":null}},"26":{"start":{"line":50,"column":21},"end":{"line":50,"column":102}},"27":{"start":{"line":51,"column":6},"end":{"line":51,"column":null}},"28":{"start":{"line":52,"column":20},"end":{"line":52,"column":null}},"29":{"start":{"line":56,"column":4},"end":{"line":59,"column":null}},"30":{"start":{"line":57,"column":21},"end":{"line":57,"column":93}},"31":{"start":{"line":58,"column":6},"end":{"line":58,"column":null}},"32":{"start":{"line":59,"column":20},"end":{"line":59,"column":null}},"33":{"start":{"line":63,"column":4},"end":{"line":68,"column":null}},"34":{"start":{"line":64,"column":19},"end":{"line":64,"column":null}},"35":{"start":{"line":65,"column":22},"end":{"line":65,"column":85}},"36":{"start":{"line":66,"column":21},"end":{"line":66,"column":105}},"37":{"start":{"line":67,"column":6},"end":{"line":67,"column":null}},"38":{"start":{"line":68,"column":20},"end":{"line":68,"column":null}},"39":{"start":{"line":72,"column":4},"end":{"line":84,"column":null}},"40":{"start":{"line":73,"column":22},"end":{"line":81,"column":null}},"41":{"start":{"line":83,"column":6},"end":{"line":83,"column":null}},"42":{"start":{"line":84,"column":20},"end":{"line":84,"column":null}},"43":{"start":{"line":88,"column":4},"end":{"line":91,"column":null}},"44":{"start":{"line":89,"column":20},"end":{"line":89,"column":100}},"45":{"start":{"line":90,"column":6},"end":{"line":90,"column":null}},"46":{"start":{"line":91,"column":20},"end":{"line":91,"column":null}},"47":{"start":{"line":95,"column":4},"end":{"line":98,"column":null}},"48":{"start":{"line":96,"column":20},"end":{"line":96,"column":65}},"49":{"start":{"line":97,"column":6},"end":{"line":97,"column":null}},"50":{"start":{"line":98,"column":20},"end":{"line":98,"column":null}},"51":{"start":{"line":102,"column":4},"end":{"line":108,"column":null}},"52":{"start":{"line":103,"column":6},"end":{"line":104,"column":null}},"53":{"start":{"line":104,"column":8},"end":{"line":104,"column":null}},"54":{"start":{"line":106,"column":19},"end":{"line":106,"column":76}},"55":{"start":{"line":107,"column":6},"end":{"line":107,"column":null}},"56":{"start":{"line":108,"column":20},"end":{"line":108,"column":null}}},"fnMap":{"0":{"name":"(anonymous_0)","decl":{"start":{"line":10,"column":15},"end":{"line":10,"column":33}},"loc":{"start":{"line":10,"column":95},"end":{"line":18,"column":null}},"line":10},"1":{"name":"(anonymous_1)","decl":{"start":{"line":21,"column":15},"end":{"line":21,"column":33}},"loc":{"start":{"line":21,"column":95},"end":{"line":25,"column":null}},"line":21},"2":{"name":"(anonymous_2)","decl":{"start":{"line":28,"column":15},"end":{"line":28,"column":35}},"loc":{"start":{"line":28,"column":97},"end":{"line":34,"column":null}},"line":28},"3":{"name":"(anonymous_3)","decl":{"start":{"line":37,"column":15},"end":{"line":37,"column":36}},"loc":{"start":{"line":37,"column":98},"end":{"line":41,"column":null}},"line":37},"4":{"name":"(anonymous_4)","decl":{"start":{"line":44,"column":15},"end":{"line":44,"column":36}},"loc":{"start":{"line":44,"column":98},"end":{"line":52,"column":null}},"line":44},"5":{"name":"(anonymous_5)","decl":{"start":{"line":55,"column":15},"end":{"line":55,"column":32}},"loc":{"start":{"line":55,"column":94},"end":{"line":59,"column":null}},"line":55},"6":{"name":"(anonymous_6)","decl":{"start":{"line":62,"column":15},"end":{"line":62,"column":27}},"loc":{"start":{"line":62,"column":89},"end":{"line":68,"column":null}},"line":62},"7":{"name":"(anonymous_7)","decl":{"start":{"line":71,"column":15},"end":{"line":71,"column":27}},"loc":{"start":{"line":71,"column":89},"end":{"line":84,"column":null}},"line":71},"8":{"name":"(anonymous_8)","decl":{"start":{"line":87,"column":15},"end":{"line":87,"column":38}},"loc":{"start":{"line":87,"column":100},"end":{"line":91,"column":null}},"line":87},"9":{"name":"(anonymous_9)","decl":{"start":{"line":94,"column":15},"end":{"line":94,"column":30}},"loc":{"start":{"line":94,"column":92},"end":{"line":98,"column":null}},"line":94},"10":{"name":"(anonymous_10)","decl":{"start":{"line":101,"column":15},"end":{"line":101,"column":32}},"loc":{"start":{"line":101,"column":94},"end":{"line":108,"column":null}},"line":101}},"branchMap":{"0":{"loc":{"start":{"line":13,"column":6},"end":{"line":14,"column":null}},"type":"if","locations":[{"start":{"line":13,"column":6},"end":{"line":14,"column":null}},{"start":{},"end":{}}],"line":13},"1":{"loc":{"start":{"line":17,"column":17},"end":{"line":17,"column":44}},"type":"cond-expr","locations":[{"start":{"line":17,"column":34},"end":{"line":17,"column":40}},{"start":{"line":17,"column":40},"end":{"line":17,"column":44}}],"line":17},"2":{"loc":{"start":{"line":31,"column":6},"end":{"line":31,"column":null}},"type":"if","locations":[{"start":{"line":31,"column":6},"end":{"line":31,"column":null}},{"start":{},"end":{}}],"line":31},"3":{"loc":{"start":{"line":47,"column":6},"end":{"line":48,"column":null}},"type":"if","locations":[{"start":{"line":47,"column":6},"end":{"line":48,"column":null}},{"start":{},"end":{}}],"line":47},"4":{"loc":{"start":{"line":47,"column":10},"end":{"line":47,"column":58}},"type":"binary-expr","locations":[{"start":{"line":47,"column":10},"end":{"line":47,"column":35}},{"start":{"line":47,"column":35},"end":{"line":47,"column":58}}],"line":47},"5":{"loc":{"start":{"line":64,"column":19},"end":{"line":64,"column":null}},"type":"binary-expr","locations":[{"start":{"line":64,"column":19},"end":{"line":64,"column":57}},{"start":{"line":64,"column":61},"end":{"line":64,"column":null}}],"line":64},"6":{"loc":{"start":{"line":65,"column":31},"end":{"line":65,"column":81}},"type":"binary-expr","locations":[{"start":{"line":65,"column":31},"end":{"line":65,"column":73}},{"start":{"line":65,"column":77},"end":{"line":65,"column":81}}],"line":65},"7":{"loc":{"start":{"line":103,"column":6},"end":{"line":104,"column":null}},"type":"if","locations":[{"start":{"line":103,"column":6},"end":{"line":104,"column":null}},{"start":{},"end":{}}],"line":103}},"s":{"0":3,"1":3,"2":3,"3":1,"4":2,"5":2,"6":1,"7":1,"8":1,"9":1,"10":0,"11":2,"12":2,"13":2,"14":1,"15":1,"16":1,"17":1,"18":1,"19":1,"20":1,"21":0,"22":2,"23":2,"24":2,"25":1,"26":1,"27":1,"28":1,"29":1,"30":1,"31":1,"32":0,"33":1,"34":1,"35":1,"36":1,"37":1,"38":0,"39":1,"40":1,"41":1,"42":0,"43":1,"44":1,"45":1,"46":0,"47":1,"48":1,"49":1,"50":0,"51":1,"52":1,"53":0,"54":1,"55":1,"56":0},"f":{"0":12,"1":12,"2":12,"3":12,"4":12,"5":12,"6":12,"7":12,"8":12,"9":12,"10":12},"b":{"0":[1,2],"1":[1,1],"2":[1,1],"3":[1,1],"4":[2,1],"5":[1,1],"6":[1,1],"7":[0,1]},"meta":{"lastBranch":8,"lastFunction":11,"lastStatement":57,"seen":{"f:10:15:10:33":0,"s:11:4:18:Infinity":0,"s:12:28:12:Infinity":1,"b:13:6:14:Infinity:undefined:undefined:undefined:undefined":0,"s:13:6:14:Infinity":2,"s:14:8:14:Infinity":3,"s:16:21:16:98":4,"s:17:6:17:Infinity":5,"b:17:34:17:40:17:40:17:44":1,"s:18:20:18:Infinity":6,"f:21:15:21:33":1,"s:22:4:25:Infinity":7,"s:23:19:23:67":8,"s:24:6:24:Infinity":9,"s:25:20:25:Infinity":10,"f:28:15:28:35":2,"s:29:4:34:Infinity":11,"s:30:27:30:Infinity":12,"b:31:6:31:Infinity:undefined:undefined:undefined:undefined":2,"s:31:6:31:Infinity":13,"s:31:25:31:Infinity":14,"s:32:21:32:85":15,"s:33:6:33:Infinity":16,"s:34:20:34:Infinity":17,"f:37:15:37:36":3,"s:38:4:41:Infinity":18,"s:39:19:39:70":19,"s:40:6:40:Infinity":20,"s:41:20:41:Infinity":21,"f:44:15:44:36":4,"s:45:4:52:Infinity":22,"s:46:21:46:Infinity":23,"b:47:6:48:Infinity:undefined:undefined:undefined:undefined":3,"s:47:6:48:Infinity":24,"b:47:10:47:35:47:35:47:58":4,"s:48:8:48:Infinity":25,"s:50:21:50:102":26,"s:51:6:51:Infinity":27,"s:52:20:52:Infinity":28,"f:55:15:55:32":5,"s:56:4:59:Infinity":29,"s:57:21:57:93":30,"s:58:6:58:Infinity":31,"s:59:20:59:Infinity":32,"f:62:15:62:27":6,"s:63:4:68:Infinity":33,"s:64:19:64:Infinity":34,"b:64:19:64:57:64:61:64:Infinity":5,"s:65:22:65:85":35,"b:65:31:65:73:65:77:65:81":6,"s:66:21:66:105":36,"s:67:6:67:Infinity":37,"s:68:20:68:Infinity":38,"f:71:15:71:27":7,"s:72:4:84:Infinity":39,"s:73:22:81:Infinity":40,"s:83:6:83:Infinity":41,"s:84:20:84:Infinity":42,"f:87:15:87:38":8,"s:88:4:91:Infinity":43,"s:89:20:89:100":44,"s:90:6:90:Infinity":45,"s:91:20:91:Infinity":46,"f:94:15:94:30":9,"s:95:4:98:Infinity":47,"s:96:20:96:65":48,"s:97:6:97:Infinity":49,"s:98:20:98:Infinity":50,"f:101:15:101:32":10,"s:102:4:108:Infinity":51,"b:103:6:104:Infinity:undefined:undefined:undefined:undefined":7,"s:103:6:104:Infinity":52,"s:104:8:104:Infinity":53,"s:106:19:106:76":54,"s:107:6:107:Infinity":55,"s:108:20:108:Infinity":56}}}
,"C:\\localWork\\localWork\\backend\\src\\controllers\\jobs.controller.ts": {"path":"C:\\localWork\\localWork\\backend\\src\\controllers\\jobs.controller.ts","statementMap":{"0":{"start":{"line":13,"column":4},"end":{"line":24,"column":null}},"1":{"start":{"line":14,"column":21},"end":{"line":22,"column":8}},"2":{"start":{"line":23,"column":6},"end":{"line":23,"column":null}},"3":{"start":{"line":24,"column":20},"end":{"line":24,"column":null}},"4":{"start":{"line":28,"column":4},"end":{"line":42,"column":null}},"5":{"start":{"line":29,"column":68},"end":{"line":29,"column":null}},"6":{"start":{"line":31,"column":21},"end":{"line":38,"column":10}},"7":{"start":{"line":40,"column":8},"end":{"line":40,"column":null}},"8":{"start":{"line":42,"column":8},"end":{"line":42,"column":null}},"9":{"start":{"line":47,"column":4},"end":{"line":50,"column":null}},"10":{"start":{"line":48,"column":18},"end":{"line":48,"column":58}},"11":{"start":{"line":49,"column":6},"end":{"line":49,"column":null}},"12":{"start":{"line":50,"column":20},"end":{"line":50,"column":null}},"13":{"start":{"line":54,"column":4},"end":{"line":58,"column":null}},"14":{"start":{"line":55,"column":21},"end":{"line":55,"column":null}},"15":{"start":{"line":56,"column":19},"end":{"line":56,"column":59}},"16":{"start":{"line":57,"column":6},"end":{"line":57,"column":null}},"17":{"start":{"line":58,"column":20},"end":{"line":58,"column":null}},"18":{"start":{"line":62,"column":4},"end":{"line":80,"column":null}},"19":{"start":{"line":63,"column":6},"end":{"line":65,"column":null}},"20":{"start":{"line":64,"column":8},"end":{"line":64,"column":null}},"21":{"start":{"line":65,"column":8},"end":{"line":65,"column":null}},"22":{"start":{"line":70,"column":32},"end":{"line":74,"column":17}},"23":{"start":{"line":76,"column":6},"end":{"line":76,"column":null}},"24":{"start":{"line":76,"column":20},"end":{"line":76,"column":null}},"25":{"start":{"line":78,"column":18},"end":{"line":78,"column":64}},"26":{"start":{"line":79,"column":6},"end":{"line":79,"column":null}},"27":{"start":{"line":80,"column":20},"end":{"line":80,"column":null}},"28":{"start":{"line":84,"column":4},"end":{"line":92,"column":null}},"29":{"start":{"line":85,"column":6},"end":{"line":87,"column":null}},"30":{"start":{"line":86,"column":8},"end":{"line":86,"column":null}},"31":{"start":{"line":87,"column":8},"end":{"line":87,"column":null}},"32":{"start":{"line":90,"column":18},"end":{"line":90,"column":80}},"33":{"start":{"line":91,"column":6},"end":{"line":91,"column":null}},"34":{"start":{"line":92,"column":20},"end":{"line":92,"column":null}},"35":{"start":{"line":96,"column":4},"end":{"line":99,"column":null}},"36":{"start":{"line":97,"column":6},"end":{"line":97,"column":null}},"37":{"start":{"line":98,"column":6},"end":{"line":98,"column":null}},"38":{"start":{"line":99,"column":20},"end":{"line":99,"column":null}},"39":{"start":{"line":103,"column":4},"end":{"line":110,"column":null}},"40":{"start":{"line":104,"column":21},"end":{"line":108,"column":8}},"41":{"start":{"line":109,"column":6},"end":{"line":109,"column":null}},"42":{"start":{"line":110,"column":20},"end":{"line":110,"column":null}},"43":{"start":{"line":114,"column":4},"end":{"line":117,"column":null}},"44":{"start":{"line":115,"column":6},"end":{"line":115,"column":null}},"45":{"start":{"line":116,"column":6},"end":{"line":116,"column":null}},"46":{"start":{"line":117,"column":20},"end":{"line":117,"column":null}},"47":{"start":{"line":121,"column":4},"end":{"line":124,"column":null}},"48":{"start":{"line":122,"column":6},"end":{"line":122,"column":null}},"49":{"start":{"line":123,"column":6},"end":{"line":123,"column":null}},"50":{"start":{"line":124,"column":20},"end":{"line":124,"column":null}},"51":{"start":{"line":128,"column":4},"end":{"line":131,"column":null}},"52":{"start":{"line":129,"column":19},"end":{"line":129,"column":62}},"53":{"start":{"line":130,"column":6},"end":{"line":130,"column":null}},"54":{"start":{"line":131,"column":20},"end":{"line":131,"column":null}},"55":{"start":{"line":135,"column":4},"end":{"line":138,"column":null}},"56":{"start":{"line":136,"column":25},"end":{"line":136,"column":58}},"57":{"start":{"line":137,"column":6},"end":{"line":137,"column":null}},"58":{"start":{"line":138,"column":20},"end":{"line":138,"column":null}},"59":{"start":{"line":142,"column":4},"end":{"line":145,"column":null}},"60":{"start":{"line":143,"column":22},"end":{"line":143,"column":52}},"61":{"start":{"line":144,"column":6},"end":{"line":144,"column":null}},"62":{"start":{"line":145,"column":20},"end":{"line":145,"column":null}},"63":{"start":{"line":149,"column":4},"end":{"line":152,"column":null}},"64":{"start":{"line":150,"column":20},"end":{"line":150,"column":67}},"65":{"start":{"line":151,"column":6},"end":{"line":151,"column":null}},"66":{"start":{"line":152,"column":20},"end":{"line":152,"column":null}},"67":{"start":{"line":156,"column":4},"end":{"line":159,"column":null}},"68":{"start":{"line":157,"column":24},"end":{"line":157,"column":75}},"69":{"start":{"line":158,"column":6},"end":{"line":158,"column":null}},"70":{"start":{"line":159,"column":20},"end":{"line":159,"column":null}},"71":{"start":{"line":163,"column":4},"end":{"line":166,"column":null}},"72":{"start":{"line":164,"column":20},"end":{"line":164,"column":48}},"73":{"start":{"line":165,"column":6},"end":{"line":165,"column":null}},"74":{"start":{"line":166,"column":20},"end":{"line":166,"column":null}}},"fnMap":{"0":{"name":"(anonymous_0)","decl":{"start":{"line":12,"column":15},"end":{"line":12,"column":20}},"loc":{"start":{"line":12,"column":82},"end":{"line":24,"column":null}},"line":12},"1":{"name":"(anonymous_1)","decl":{"start":{"line":27,"column":15},"end":{"line":27,"column":25}},"loc":{"start":{"line":27,"column":74},"end":{"line":42,"column":null}},"line":27},"2":{"name":"(anonymous_2)","decl":{"start":{"line":46,"column":15},"end":{"line":46,"column":23}},"loc":{"start":{"line":46,"column":85},"end":{"line":50,"column":null}},"line":46},"3":{"name":"(anonymous_3)","decl":{"start":{"line":53,"column":15},"end":{"line":53,"column":30}},"loc":{"start":{"line":53,"column":92},"end":{"line":58,"column":null}},"line":53},"4":{"name":"(anonymous_4)","decl":{"start":{"line":61,"column":15},"end":{"line":61,"column":22}},"loc":{"start":{"line":61,"column":84},"end":{"line":80,"column":null}},"line":61},"5":{"name":"(anonymous_5)","decl":{"start":{"line":83,"column":15},"end":{"line":83,"column":22}},"loc":{"start":{"line":83,"column":84},"end":{"line":92,"column":null}},"line":83},"6":{"name":"(anonymous_6)","decl":{"start":{"line":95,"column":15},"end":{"line":95,"column":22}},"loc":{"start":{"line":95,"column":84},"end":{"line":99,"column":null}},"line":95},"7":{"name":"(anonymous_7)","decl":{"start":{"line":102,"column":15},"end":{"line":102,"column":25}},"loc":{"start":{"line":102,"column":87},"end":{"line":110,"column":null}},"line":102},"8":{"name":"(anonymous_8)","decl":{"start":{"line":113,"column":15},"end":{"line":113,"column":23}},"loc":{"start":{"line":113,"column":85},"end":{"line":117,"column":null}},"line":113},"9":{"name":"(anonymous_9)","decl":{"start":{"line":120,"column":15},"end":{"line":120,"column":25}},"loc":{"start":{"line":120,"column":87},"end":{"line":124,"column":null}},"line":120},"10":{"name":"(anonymous_10)","decl":{"start":{"line":127,"column":15},"end":{"line":127,"column":28}},"loc":{"start":{"line":127,"column":90},"end":{"line":131,"column":null}},"line":127},"11":{"name":"(anonymous_11)","decl":{"start":{"line":134,"column":15},"end":{"line":134,"column":29}},"loc":{"start":{"line":134,"column":92},"end":{"line":138,"column":null}},"line":134},"12":{"name":"(anonymous_12)","decl":{"start":{"line":141,"column":15},"end":{"line":141,"column":26}},"loc":{"start":{"line":141,"column":89},"end":{"line":145,"column":null}},"line":141},"13":{"name":"(anonymous_13)","decl":{"start":{"line":148,"column":15},"end":{"line":148,"column":32}},"loc":{"start":{"line":148,"column":94},"end":{"line":152,"column":null}},"line":148},"14":{"name":"(anonymous_14)","decl":{"start":{"line":155,"column":15},"end":{"line":155,"column":36}},"loc":{"start":{"line":155,"column":98},"end":{"line":159,"column":null}},"line":155},"15":{"name":"(anonymous_15)","decl":{"start":{"line":162,"column":15},"end":{"line":162,"column":24}},"loc":{"start":{"line":162,"column":87},"end":{"line":166,"column":null}},"line":162}},"branchMap":{"0":{"loc":{"start":{"line":15,"column":14},"end":{"line":15,"column":null}},"type":"binary-expr","locations":[{"start":{"line":15,"column":14},"end":{"line":15,"column":48}},{"start":{"line":15,"column":52},"end":{"line":15,"column":null}}],"line":15},"1":{"loc":{"start":{"line":16,"column":27},"end":{"line":16,"column":72}},"type":"binary-expr","locations":[{"start":{"line":16,"column":27},"end":{"line":16,"column":65}},{"start":{"line":16,"column":69},"end":{"line":16,"column":72}}],"line":16},"2":{"loc":{"start":{"line":34,"column":20},"end":{"line":34,"column":null}},"type":"binary-expr","locations":[{"start":{"line":34,"column":20},"end":{"line":34,"column":46}},{"start":{"line":34,"column":50},"end":{"line":34,"column":null}}],"line":34},"3":{"loc":{"start":{"line":63,"column":6},"end":{"line":65,"column":null}},"type":"if","locations":[{"start":{"line":63,"column":6},"end":{"line":65,"column":null}},{"start":{},"end":{}}],"line":63},"4":{"loc":{"start":{"line":63,"column":10},"end":{"line":63,"column":61}},"type":"binary-expr","locations":[{"start":{"line":63,"column":10},"end":{"line":63,"column":32}},{"start":{"line":63,"column":32},"end":{"line":63,"column":61}}],"line":63},"5":{"loc":{"start":{"line":76,"column":6},"end":{"line":76,"column":null}},"type":"if","locations":[{"start":{"line":76,"column":6},"end":{"line":76,"column":null}},{"start":{},"end":{}}],"line":76},"6":{"loc":{"start":{"line":85,"column":6},"end":{"line":87,"column":null}},"type":"if","locations":[{"start":{"line":85,"column":6},"end":{"line":87,"column":null}},{"start":{},"end":{}}],"line":85},"7":{"loc":{"start":{"line":85,"column":10},"end":{"line":85,"column":61}},"type":"binary-expr","locations":[{"start":{"line":85,"column":10},"end":{"line":85,"column":32}},{"start":{"line":85,"column":32},"end":{"line":85,"column":61}}],"line":85},"8":{"loc":{"start":{"line":105,"column":14},"end":{"line":105,"column":null}},"type":"binary-expr","locations":[{"start":{"line":105,"column":14},"end":{"line":105,"column":48}},{"start":{"line":105,"column":52},"end":{"line":105,"column":null}}],"line":105},"9":{"loc":{"start":{"line":106,"column":27},"end":{"line":106,"column":73}},"type":"binary-expr","locations":[{"start":{"line":106,"column":27},"end":{"line":106,"column":65}},{"start":{"line":106,"column":69},"end":{"line":106,"column":73}}],"line":106}},"s":{"0":1,"1":1,"2":1,"3":0,"4":0,"5":0,"6":0,"7":0,"8":0,"9":0,"10":0,"11":0,"12":0,"13":0,"14":0,"15":0,"16":0,"17":0,"18":0,"19":0,"20":0,"21":0,"22":0,"23":0,"24":0,"25":0,"26":0,"27":0,"28":0,"29":0,"30":0,"31":0,"32":0,"33":0,"34":0,"35":0,"36":0,"37":0,"38":0,"39":0,"40":0,"41":0,"42":0,"43":0,"44":0,"45":0,"46":0,"47":0,"48":0,"49":0,"50":0,"51":0,"52":0,"53":0,"54":0,"55":1,"56":1,"57":1,"58":0,"59":0,"60":0,"61":0,"62":0,"63":0,"64":0,"65":0,"66":0,"67":0,"68":0,"69":0,"70":0,"71":1,"72":1,"73":1,"74":0},"f":{"0":11,"1":11,"2":11,"3":11,"4":11,"5":11,"6":11,"7":11,"8":11,"9":11,"10":11,"11":11,"12":11,"13":11,"14":11,"15":11},"b":{"0":[1,1],"1":[1,1],"2":[0,0],"3":[0,0],"4":[0,0],"5":[0,0],"6":[0,0],"7":[0,0],"8":[0,0],"9":[0,0]},"meta":{"lastBranch":10,"lastFunction":16,"lastStatement":75,"seen":{"f:12:15:12:20":0,"s:13:4:24:Infinity":0,"s:14:21:22:8":1,"b:15:14:15:48:15:52:15:Infinity":0,"b:16:27:16:65:16:69:16:72":1,"s:23:6:23:Infinity":2,"s:24:20:24:Infinity":3,"f:27:15:27:25":1,"s:28:4:42:Infinity":4,"s:29:68:29:Infinity":5,"s:31:21:38:10":6,"b:34:20:34:46:34:50:34:Infinity":2,"s:40:8:40:Infinity":7,"s:42:8:42:Infinity":8,"f:46:15:46:23":2,"s:47:4:50:Infinity":9,"s:48:18:48:58":10,"s:49:6:49:Infinity":11,"s:50:20:50:Infinity":12,"f:53:15:53:30":3,"s:54:4:58:Infinity":13,"s:55:21:55:Infinity":14,"s:56:19:56:59":15,"s:57:6:57:Infinity":16,"s:58:20:58:Infinity":17,"f:61:15:61:22":4,"s:62:4:80:Infinity":18,"b:63:6:65:Infinity:undefined:undefined:undefined:undefined":3,"s:63:6:65:Infinity":19,"b:63:10:63:32:63:32:63:61":4,"s:64:8:64:Infinity":20,"s:65:8:65:Infinity":21,"s:70:32:74:17":22,"b:76:6:76:Infinity:undefined:undefined:undefined:undefined":5,"s:76:6:76:Infinity":23,"s:76:20:76:Infinity":24,"s:78:18:78:64":25,"s:79:6:79:Infinity":26,"s:80:20:80:Infinity":27,"f:83:15:83:22":5,"s:84:4:92:Infinity":28,"b:85:6:87:Infinity:undefined:undefined:undefined:undefined":6,"s:85:6:87:Infinity":29,"b:85:10:85:32:85:32:85:61":7,"s:86:8:86:Infinity":30,"s:87:8:87:Infinity":31,"s:90:18:90:80":32,"s:91:6:91:Infinity":33,"s:92:20:92:Infinity":34,"f:95:15:95:22":6,"s:96:4:99:Infinity":35,"s:97:6:97:Infinity":36,"s:98:6:98:Infinity":37,"s:99:20:99:Infinity":38,"f:102:15:102:25":7,"s:103:4:110:Infinity":39,"s:104:21:108:8":40,"b:105:14:105:48:105:52:105:Infinity":8,"b:106:27:106:65:106:69:106:73":9,"s:109:6:109:Infinity":41,"s:110:20:110:Infinity":42,"f:113:15:113:23":8,"s:114:4:117:Infinity":43,"s:115:6:115:Infinity":44,"s:116:6:116:Infinity":45,"s:117:20:117:Infinity":46,"f:120:15:120:25":9,"s:121:4:124:Infinity":47,"s:122:6:122:Infinity":48,"s:123:6:123:Infinity":49,"s:124:20:124:Infinity":50,"f:127:15:127:28":10,"s:128:4:131:Infinity":51,"s:129:19:129:62":52,"s:130:6:130:Infinity":53,"s:131:20:131:Infinity":54,"f:134:15:134:29":11,"s:135:4:138:Infinity":55,"s:136:25:136:58":56,"s:137:6:137:Infinity":57,"s:138:20:138:Infinity":58,"f:141:15:141:26":12,"s:142:4:145:Infinity":59,"s:143:22:143:52":60,"s:144:6:144:Infinity":61,"s:145:20:145:Infinity":62,"f:148:15:148:32":13,"s:149:4:152:Infinity":63,"s:150:20:150:67":64,"s:151:6:151:Infinity":65,"s:152:20:152:Infinity":66,"f:155:15:155:36":14,"s:156:4:159:Infinity":67,"s:157:24:157:75":68,"s:158:6:158:Infinity":69,"s:159:20:159:Infinity":70,"f:162:15:162:24":15,"s:163:4:166:Infinity":71,"s:164:20:164:48":72,"s:165:6:165:Infinity":73,"s:166:20:166:Infinity":74}}}
,"C:\\localWork\\localWork\\backend\\src\\controllers\\notifications.controller.ts": {"path":"C:\\localWork\\localWork\\backend\\src\\controllers\\notifications.controller.ts","statementMap":{"0":{"start":{"line":11,"column":4},"end":{"line":19,"column":null}},"1":{"start":{"line":12,"column":21},"end":{"line":16,"column":null}},"2":{"start":{"line":18,"column":6},"end":{"line":18,"column":null}},"3":{"start":{"line":19,"column":20},"end":{"line":19,"column":null}},"4":{"start":{"line":23,"column":4},"end":{"line":26,"column":null}},"5":{"start":{"line":24,"column":6},"end":{"line":24,"column":null}},"6":{"start":{"line":25,"column":6},"end":{"line":25,"column":null}},"7":{"start":{"line":26,"column":20},"end":{"line":26,"column":null}},"8":{"start":{"line":30,"column":4},"end":{"line":33,"column":null}},"9":{"start":{"line":31,"column":6},"end":{"line":31,"column":null}},"10":{"start":{"line":32,"column":6},"end":{"line":32,"column":null}},"11":{"start":{"line":33,"column":20},"end":{"line":33,"column":null}},"12":{"start":{"line":37,"column":4},"end":{"line":40,"column":null}},"13":{"start":{"line":38,"column":20},"end":{"line":38,"column":74}},"14":{"start":{"line":39,"column":6},"end":{"line":39,"column":null}},"15":{"start":{"line":40,"column":20},"end":{"line":40,"column":null}}},"fnMap":{"0":{"name":"(anonymous_0)","decl":{"start":{"line":10,"column":15},"end":{"line":10,"column":20}},"loc":{"start":{"line":10,"column":82},"end":{"line":19,"column":null}},"line":10},"1":{"name":"(anonymous_1)","decl":{"start":{"line":22,"column":15},"end":{"line":22,"column":26}},"loc":{"start":{"line":22,"column":88},"end":{"line":26,"column":null}},"line":22},"2":{"name":"(anonymous_2)","decl":{"start":{"line":29,"column":15},"end":{"line":29,"column":29}},"loc":{"start":{"line":29,"column":91},"end":{"line":33,"column":null}},"line":29},"3":{"name":"(anonymous_3)","decl":{"start":{"line":36,"column":15},"end":{"line":36,"column":30}},"loc":{"start":{"line":36,"column":92},"end":{"line":40,"column":null}},"line":36}},"branchMap":{"0":{"loc":{"start":{"line":14,"column":8},"end":{"line":14,"column":null}},"type":"binary-expr","locations":[{"start":{"line":14,"column":8},"end":{"line":14,"column":42}},{"start":{"line":14,"column":46},"end":{"line":14,"column":null}}],"line":14},"1":{"loc":{"start":{"line":15,"column":17},"end":{"line":15,"column":63}},"type":"binary-expr","locations":[{"start":{"line":15,"column":17},"end":{"line":15,"column":55}},{"start":{"line":15,"column":59},"end":{"line":15,"column":63}}],"line":15}},"s":{"0":1,"1":1,"2":1,"3":0,"4":1,"5":1,"6":1,"7":0,"8":1,"9":1,"10":1,"11":0,"12":1,"13":1,"14":1,"15":0},"f":{"0":12,"1":12,"2":12,"3":12},"b":{"0":[1,1],"1":[1,1]},"meta":{"lastBranch":2,"lastFunction":4,"lastStatement":16,"seen":{"f:10:15:10:20":0,"s:11:4:19:Infinity":0,"s:12:21:16:Infinity":1,"b:14:8:14:42:14:46:14:Infinity":0,"b:15:17:15:55:15:59:15:63":1,"s:18:6:18:Infinity":2,"s:19:20:19:Infinity":3,"f:22:15:22:26":1,"s:23:4:26:Infinity":4,"s:24:6:24:Infinity":5,"s:25:6:25:Infinity":6,"s:26:20:26:Infinity":7,"f:29:15:29:29":2,"s:30:4:33:Infinity":8,"s:31:6:31:Infinity":9,"s:32:6:32:Infinity":10,"s:33:20:33:Infinity":11,"f:36:15:36:30":3,"s:37:4:40:Infinity":12,"s:38:20:38:74":13,"s:39:6:39:Infinity":14,"s:40:20:40:Infinity":15}}}
,"C:\\localWork\\localWork\\backend\\src\\controllers\\workers.controller.ts": {"path":"C:\\localWork\\localWork\\backend\\src\\controllers\\workers.controller.ts","statementMap":{"0":{"start":{"line":14,"column":4},"end":{"line":68,"column":null}},"1":{"start":{"line":15,"column":22},"end":{"line":15,"column":null}},"2":{"start":{"line":16,"column":22},"end":{"line":16,"column":80}},"3":{"start":{"line":17,"column":22},"end":{"line":17,"column":null}},"4":{"start":{"line":18,"column":22},"end":{"line":18,"column":null}},"5":{"start":{"line":19,"column":22},"end":{"line":19,"column":null}},"6":{"start":{"line":21,"column":12},"end":{"line":21,"column":null}},"7":{"start":{"line":22,"column":19},"end":{"line":22,"column":null}},"8":{"start":{"line":24,"column":12},"end":{"line":49,"column":null}},"9":{"start":{"line":25,"column":20},"end":{"line":29,"column":26}},"10":{"start":{"line":31,"column":8},"end":{"line":32,"column":null}},"11":{"start":{"line":32,"column":10},"end":{"line":32,"column":null}},"12":{"start":{"line":35,"column":8},"end":{"line":36,"column":null}},"13":{"start":{"line":36,"column":10},"end":{"line":36,"column":null}},"14":{"start":{"line":39,"column":8},"end":{"line":40,"column":null}},"15":{"start":{"line":40,"column":10},"end":{"line":40,"column":null}},"16":{"start":{"line":43,"column":8},"end":{"line":46,"column":null}},"17":{"start":{"line":44,"column":16},"end":{"line":44,"column":81}},"18":{"start":{"line":45,"column":10},"end":{"line":46,"column":null}},"19":{"start":{"line":46,"column":12},"end":{"line":46,"column":null}},"20":{"start":{"line":49,"column":8},"end":{"line":49,"column":null}},"21":{"start":{"line":52,"column":35},"end":{"line":52,"column":57}},"22":{"start":{"line":55,"column":6},"end":{"line":56,"column":null}},"23":{"start":{"line":56,"column":8},"end":{"line":56,"column":null}},"24":{"start":{"line":59,"column":6},"end":{"line":59,"column":null}},"25":{"start":{"line":59,"column":19},"end":{"line":59,"column":69}},"26":{"start":{"line":59,"column":69},"end":{"line":59,"column":null}},"27":{"start":{"line":61,"column":6},"end":{"line":67,"column":null}},"28":{"start":{"line":68,"column":20},"end":{"line":68,"column":null}},"29":{"start":{"line":72,"column":4},"end":{"line":93,"column":null}},"30":{"start":{"line":73,"column":30},"end":{"line":77,"column":17}},"31":{"start":{"line":79,"column":6},"end":{"line":79,"column":null}},"32":{"start":{"line":79,"column":19},"end":{"line":79,"column":71}},"33":{"start":{"line":79,"column":71},"end":{"line":79,"column":null}},"34":{"start":{"line":80,"column":6},"end":{"line":80,"column":null}},"35":{"start":{"line":80,"column":17},"end":{"line":80,"column":null}},"36":{"start":{"line":83,"column":6},"end":{"line":89,"column":null}},"37":{"start":{"line":84,"column":8},"end":{"line":89,"column":null}},"38":{"start":{"line":89,"column":23},"end":{"line":89,"column":92}},"39":{"start":{"line":92,"column":6},"end":{"line":92,"column":null}},"40":{"start":{"line":93,"column":20},"end":{"line":93,"column":null}}},"fnMap":{"0":{"name":"(anonymous_0)","decl":{"start":{"line":13,"column":15},"end":{"line":13,"column":20}},"loc":{"start":{"line":13,"column":82},"end":{"line":68,"column":null}},"line":13},"1":{"name":"(anonymous_1)","decl":{"start":{"line":24,"column":12},"end":{"line":24,"column":26}},"loc":{"start":{"line":24,"column":63},"end":{"line":49,"column":null}},"line":24},"2":{"name":"(anonymous_2)","decl":{"start":{"line":71,"column":15},"end":{"line":71,"column":22}},"loc":{"start":{"line":71,"column":84},"end":{"line":93,"column":null}},"line":71},"3":{"name":"(anonymous_3)","decl":{"start":{"line":89,"column":10},"end":{"line":89,"column":16}},"loc":{"start":{"line":89,"column":23},"end":{"line":89,"column":92}},"line":89}},"branchMap":{"0":{"loc":{"start":{"line":15,"column":22},"end":{"line":15,"column":null}},"type":"binary-expr","locations":[{"start":{"line":15,"column":22},"end":{"line":15,"column":56}},{"start":{"line":15,"column":60},"end":{"line":15,"column":null}}],"line":15},"1":{"loc":{"start":{"line":16,"column":31},"end":{"line":16,"column":77}},"type":"binary-expr","locations":[{"start":{"line":16,"column":31},"end":{"line":16,"column":69}},{"start":{"line":16,"column":73},"end":{"line":16,"column":77}}],"line":16},"2":{"loc":{"start":{"line":31,"column":8},"end":{"line":32,"column":null}},"type":"if","locations":[{"start":{"line":31,"column":8},"end":{"line":32,"column":null}},{"start":{},"end":{}}],"line":31},"3":{"loc":{"start":{"line":35,"column":8},"end":{"line":36,"column":null}},"type":"if","locations":[{"start":{"line":35,"column":8},"end":{"line":36,"column":null}},{"start":{},"end":{}}],"line":35},"4":{"loc":{"start":{"line":39,"column":8},"end":{"line":40,"column":null}},"type":"if","locations":[{"start":{"line":39,"column":8},"end":{"line":40,"column":null}},{"start":{},"end":{}}],"line":39},"5":{"loc":{"start":{"line":39,"column":12},"end":{"line":39,"column":56}},"type":"binary-expr","locations":[{"start":{"line":39,"column":12},"end":{"line":39,"column":20}},{"start":{"line":39,"column":20},"end":{"line":39,"column":56}}],"line":39},"6":{"loc":{"start":{"line":43,"column":8},"end":{"line":46,"column":null}},"type":"if","locations":[{"start":{"line":43,"column":8},"end":{"line":46,"column":null}},{"start":{},"end":{}}],"line":43},"7":{"loc":{"start":{"line":45,"column":10},"end":{"line":46,"column":null}},"type":"if","locations":[{"start":{"line":45,"column":10},"end":{"line":46,"column":null}},{"start":{},"end":{}}],"line":45},"8":{"loc":{"start":{"line":55,"column":6},"end":{"line":56,"column":null}},"type":"if","locations":[{"start":{"line":55,"column":6},"end":{"line":56,"column":null}},{"start":{},"end":{}}],"line":55},"9":{"loc":{"start":{"line":55,"column":10},"end":{"line":55,"column":66}},"type":"binary-expr","locations":[{"start":{"line":55,"column":10},"end":{"line":55,"column":20}},{"start":{"line":55,"column":20},"end":{"line":55,"column":66}}],"line":55},"10":{"loc":{"start":{"line":59,"column":6},"end":{"line":59,"column":null}},"type":"if","locations":[{"start":{"line":59,"column":6},"end":{"line":59,"column":null}},{"start":{},"end":{}}],"line":59},"11":{"loc":{"start":{"line":63,"column":15},"end":{"line":63,"column":null}},"type":"binary-expr","locations":[{"start":{"line":63,"column":15},"end":{"line":63,"column":24}},{"start":{"line":63,"column":24},"end":{"line":63,"column":null}}],"line":63},"12":{"loc":{"start":{"line":66,"column":32},"end":{"line":66,"column":46}},"type":"binary-expr","locations":[{"start":{"line":66,"column":32},"end":{"line":66,"column":41}},{"start":{"line":66,"column":41},"end":{"line":66,"column":46}}],"line":66},"13":{"loc":{"start":{"line":79,"column":6},"end":{"line":79,"column":null}},"type":"if","locations":[{"start":{"line":79,"column":6},"end":{"line":79,"column":null}},{"start":{},"end":{}}],"line":79},"14":{"loc":{"start":{"line":80,"column":6},"end":{"line":80,"column":null}},"type":"if","locations":[{"start":{"line":80,"column":6},"end":{"line":80,"column":null}},{"start":{},"end":{}}],"line":80},"15":{"loc":{"start":{"line":83,"column":6},"end":{"line":89,"column":null}},"type":"if","locations":[{"start":{"line":83,"column":6},"end":{"line":89,"column":null}},{"start":{},"end":{}}],"line":83},"16":{"loc":{"start":{"line":83,"column":10},"end":{"line":83,"column":79}},"type":"binary-expr","locations":[{"start":{"line":83,"column":10},"end":{"line":83,"column":24}},{"start":{"line":83,"column":24},"end":{"line":83,"column":55}},{"start":{"line":83,"column":55},"end":{"line":83,"column":79}}],"line":83}},"s":{"0":1,"1":1,"2":1,"3":1,"4":1,"5":1,"6":1,"7":1,"8":1,"9":1,"10":1,"11":1,"12":1,"13":0,"14":1,"15":0,"16":1,"17":0,"18":0,"19":0,"20":1,"21":1,"22":1,"23":0,"24":1,"25":0,"26":0,"27":1,"28":0,"29":1,"30":1,"31":1,"32":0,"33":0,"34":1,"35":0,"36":1,"37":0,"38":0,"39":1,"40":0},"f":{"0":11,"1":1,"2":11,"3":0},"b":{"0":[1,1],"1":[1,1],"2":[1,0],"3":[0,1],"4":[0,1],"5":[1,0],"6":[0,1],"7":[0,0],"8":[0,1],"9":[1,0],"10":[0,1],"11":[1,0],"12":[1,0],"13":[0,1],"14":[0,1],"15":[0,1],"16":[1,0,0]},"meta":{"lastBranch":17,"lastFunction":4,"lastStatement":41,"seen":{"f:13:15:13:20":0,"s:14:4:68:Infinity":0,"s:15:22:15:Infinity":1,"b:15:22:15:56:15:60:15:Infinity":0,"s:16:22:16:80":2,"b:16:31:16:69:16:73:16:77":1,"s:17:22:17:Infinity":3,"s:18:22:18:Infinity":4,"s:19:22:19:Infinity":5,"s:21:12:21:Infinity":6,"s:22:19:22:Infinity":7,"s:24:12:49:Infinity":8,"f:24:12:24:26":1,"s:25:20:29:26":9,"b:31:8:32:Infinity:undefined:undefined:undefined:undefined":2,"s:31:8:32:Infinity":10,"s:32:10:32:Infinity":11,"b:35:8:36:Infinity:undefined:undefined:undefined:undefined":3,"s:35:8:36:Infinity":12,"s:36:10:36:Infinity":13,"b:39:8:40:Infinity:undefined:undefined:undefined:undefined":4,"s:39:8:40:Infinity":14,"b:39:12:39:20:39:20:39:56":5,"s:40:10:40:Infinity":15,"b:43:8:46:Infinity:undefined:undefined:undefined:undefined":6,"s:43:8:46:Infinity":16,"s:44:16:44:81":17,"b:45:10:46:Infinity:undefined:undefined:undefined:undefined":7,"s:45:10:46:Infinity":18,"s:46:12:46:Infinity":19,"s:49:8:49:Infinity":20,"s:52:35:52:57":21,"b:55:6:56:Infinity:undefined:undefined:undefined:undefined":8,"s:55:6:56:Infinity":22,"b:55:10:55:20:55:20:55:66":9,"s:56:8:56:Infinity":23,"b:59:6:59:Infinity:undefined:undefined:undefined:undefined":10,"s:59:6:59:Infinity":24,"s:59:19:59:69":25,"s:59:69:59:Infinity":26,"s:61:6:67:Infinity":27,"b:63:15:63:24:63:24:63:Infinity":11,"b:66:32:66:41:66:41:66:46":12,"s:68:20:68:Infinity":28,"f:71:15:71:22":2,"s:72:4:93:Infinity":29,"s:73:30:77:17":30,"b:79:6:79:Infinity:undefined:undefined:undefined:undefined":13,"s:79:6:79:Infinity":31,"s:79:19:79:71":32,"s:79:71:79:Infinity":33,"b:80:6:80:Infinity:undefined:undefined:undefined:undefined":14,"s:80:6:80:Infinity":34,"s:80:17:80:Infinity":35,"b:83:6:89:Infinity:undefined:undefined:undefined:undefined":15,"s:83:6:89:Infinity":36,"b:83:10:83:24:83:24:83:55:83:55:83:79":16,"s:84:8:89:Infinity":37,"f:89:10:89:16":3,"s:89:23:89:92":38,"s:92:6:92:Infinity":39,"s:93:20:93:Infinity":40}}}
,"C:\\localWork\\localWork\\backend\\src\\middleware\\auth.middleware.ts": {"path":"C:\\localWork\\localWork\\backend\\src\\middleware\\auth.middleware.ts","statementMap":{"0":{"start":{"line":16,"column":2},"end":{"line":47,"column":null}},"1":{"start":{"line":17,"column":23},"end":{"line":17,"column":null}},"2":{"start":{"line":19,"column":4},"end":{"line":21,"column":null}},"3":{"start":{"line":20,"column":6},"end":{"line":20,"column":null}},"4":{"start":{"line":21,"column":6},"end":{"line":21,"column":null}},"5":{"start":{"line":24,"column":18},"end":{"line":24,"column":null}},"6":{"start":{"line":27,"column":38},"end":{"line":27,"column":77}},"7":{"start":{"line":29,"column":4},"end":{"line":31,"column":null}},"8":{"start":{"line":30,"column":6},"end":{"line":30,"column":null}},"9":{"start":{"line":31,"column":6},"end":{"line":31,"column":null}},"10":{"start":{"line":35,"column":30},"end":{"line":39,"column":15}},"11":{"start":{"line":41,"column":4},"end":{"line":41,"column":null}},"12":{"start":{"line":42,"column":4},"end":{"line":42,"column":null}},"13":{"start":{"line":43,"column":4},"end":{"line":43,"column":null}},"14":{"start":{"line":45,"column":4},"end":{"line":45,"column":null}},"15":{"start":{"line":47,"column":4},"end":{"line":47,"column":null}},"16":{"start":{"line":55,"column":2},"end":{"line":62,"column":null}},"17":{"start":{"line":56,"column":4},"end":{"line":60,"column":null}},"18":{"start":{"line":57,"column":6},"end":{"line":59,"column":null}},"19":{"start":{"line":60,"column":6},"end":{"line":60,"column":null}},"20":{"start":{"line":62,"column":4},"end":{"line":62,"column":null}},"21":{"start":{"line":74,"column":2},"end":{"line":93,"column":null}},"22":{"start":{"line":75,"column":23},"end":{"line":75,"column":null}},"23":{"start":{"line":77,"column":4},"end":{"line":90,"column":null}},"24":{"start":{"line":78,"column":20},"end":{"line":78,"column":null}},"25":{"start":{"line":79,"column":33},"end":{"line":79,"column":72}},"26":{"start":{"line":81,"column":6},"end":{"line":90,"column":null}},"27":{"start":{"line":82,"column":34},"end":{"line":86,"column":19}},"28":{"start":{"line":88,"column":8},"end":{"line":88,"column":null}},"29":{"start":{"line":89,"column":8},"end":{"line":89,"column":null}},"30":{"start":{"line":90,"column":8},"end":{"line":90,"column":null}},"31":{"start":{"line":97,"column":2},"end":{"line":97,"column":null}}},"fnMap":{"0":{"name":"authenticate","decl":{"start":{"line":11,"column":22},"end":{"line":11,"column":null}},"loc":{"start":{"line":15,"column":17},"end":{"line":47,"column":null}},"line":15},"1":{"name":"requireRole","decl":{"start":{"line":54,"column":16},"end":{"line":54,"column":28}},"loc":{"start":{"line":54,"column":50},"end":{"line":62,"column":null}},"line":54},"2":{"name":"(anonymous_2)","decl":{"start":{"line":55,"column":2},"end":{"line":55,"column":10}},"loc":{"start":{"line":55,"column":81},"end":{"line":62,"column":null}},"line":55},"3":{"name":"optionalAuth","decl":{"start":{"line":69,"column":22},"end":{"line":69,"column":null}},"loc":{"start":{"line":73,"column":17},"end":{"line":97,"column":null}},"line":73}},"branchMap":{"0":{"loc":{"start":{"line":19,"column":4},"end":{"line":21,"column":null}},"type":"if","locations":[{"start":{"line":19,"column":4},"end":{"line":21,"column":null}},{"start":{},"end":{}}],"line":19},"1":{"loc":{"start":{"line":19,"column":8},"end":{"line":19,"column":56}},"type":"binary-expr","locations":[{"start":{"line":19,"column":8},"end":{"line":19,"column":23}},{"start":{"line":19,"column":23},"end":{"line":19,"column":56}}],"line":19},"2":{"loc":{"start":{"line":29,"column":4},"end":{"line":31,"column":null}},"type":"if","locations":[{"start":{"line":29,"column":4},"end":{"line":31,"column":null}},{"start":{},"end":{}}],"line":29},"3":{"loc":{"start":{"line":29,"column":8},"end":{"line":29,"column":24}},"type":"binary-expr","locations":[{"start":{"line":29,"column":8},"end":{"line":29,"column":17}},{"start":{"line":29,"column":17},"end":{"line":29,"column":24}}],"line":29},"4":{"loc":{"start":{"line":42,"column":19},"end":{"line":42,"column":null}},"type":"binary-expr","locations":[{"start":{"line":42,"column":19},"end":{"line":42,"column":36}},{"start":{"line":42,"column":36},"end":{"line":42,"column":null}}],"line":42},"5":{"loc":{"start":{"line":56,"column":4},"end":{"line":60,"column":null}},"type":"if","locations":[{"start":{"line":56,"column":4},"end":{"line":60,"column":null}},{"start":{},"end":{}}],"line":56},"6":{"loc":{"start":{"line":56,"column":8},"end":{"line":56,"column":54}},"type":"binary-expr","locations":[{"start":{"line":56,"column":8},"end":{"line":56,"column":25}},{"start":{"line":56,"column":25},"end":{"line":56,"column":54}}],"line":56},"7":{"loc":{"start":{"line":77,"column":4},"end":{"line":90,"column":null}},"type":"if","locations":[{"start":{"line":77,"column":4},"end":{"line":90,"column":null}},{"start":{},"end":{}}],"line":77},"8":{"loc":{"start":{"line":77,"column":8},"end":{"line":77,"column":54}},"type":"binary-expr","locations":[{"start":{"line":77,"column":8},"end":{"line":77,"column":22}},{"start":{"line":77,"column":22},"end":{"line":77,"column":54}}],"line":77},"9":{"loc":{"start":{"line":81,"column":6},"end":{"line":90,"column":null}},"type":"if","locations":[{"start":{"line":81,"column":6},"end":{"line":90,"column":null}},{"start":{},"end":{}}],"line":81},"10":{"loc":{"start":{"line":89,"column":23},"end":{"line":89,"column":null}},"type":"binary-expr","locations":[{"start":{"line":89,"column":23},"end":{"line":89,"column":40}},{"start":{"line":89,"column":40},"end":{"line":89,"column":null}}],"line":89}},"s":{"0":44,"1":44,"2":44,"3":24,"4":24,"5":20,"6":20,"7":20,"8":1,"9":1,"10":19,"11":19,"12":19,"13":44,"14":44,"15":0,"16":322,"17":9,"18":2,"19":2,"20":7,"21":5,"22":5,"23":5,"24":2,"25":2,"26":1,"27":1,"28":1,"29":1,"30":1,"31":5},"f":{"0":44,"1":322,"2":9,"3":5},"b":{"0":[24,20],"1":[44,21],"2":[1,19],"3":[20,19],"4":[19,0],"5":[2,7],"6":[9,8],"7":[2,3],"8":[5,2],"9":[1,0],"10":[1,0]},"meta":{"lastBranch":11,"lastFunction":4,"lastStatement":32,"seen":{"f:11:22:11:Infinity":0,"s:16:2:47:Infinity":0,"s:17:23:17:Infinity":1,"b:19:4:21:Infinity:undefined:undefined:undefined:undefined":0,"s:19:4:21:Infinity":2,"b:19:8:19:23:19:23:19:56":1,"s:20:6:20:Infinity":3,"s:21:6:21:Infinity":4,"s:24:18:24:Infinity":5,"s:27:38:27:77":6,"b:29:4:31:Infinity:undefined:undefined:undefined:undefined":2,"s:29:4:31:Infinity":7,"b:29:8:29:17:29:17:29:24":3,"s:30:6:30:Infinity":8,"s:31:6:31:Infinity":9,"s:35:30:39:15":10,"s:41:4:41:Infinity":11,"s:42:4:42:Infinity":12,"b:42:19:42:36:42:36:42:Infinity":4,"s:43:4:43:Infinity":13,"s:45:4:45:Infinity":14,"s:47:4:47:Infinity":15,"f:54:16:54:28":1,"s:55:2:62:Infinity":16,"f:55:2:55:10":2,"b:56:4:60:Infinity:undefined:undefined:undefined:undefined":5,"s:56:4:60:Infinity":17,"b:56:8:56:25:56:25:56:54":6,"s:57:6:59:Infinity":18,"s:60:6:60:Infinity":19,"s:62:4:62:Infinity":20,"f:69:22:69:Infinity":3,"s:74:2:93:Infinity":21,"s:75:23:75:Infinity":22,"b:77:4:90:Infinity:undefined:undefined:undefined:undefined":7,"s:77:4:90:Infinity":23,"b:77:8:77:22:77:22:77:54":8,"s:78:20:78:Infinity":24,"s:79:33:79:72":25,"b:81:6:90:Infinity:undefined:undefined:undefined:undefined":9,"s:81:6:90:Infinity":26,"s:82:34:86:19":27,"s:88:8:88:Infinity":28,"s:89:8:89:Infinity":29,"b:89:23:89:40:89:40:89:Infinity":10,"s:90:8:90:Infinity":30,"s:97:2:97:Infinity":31}}}
,"C:\\localWork\\localWork\\backend\\src\\middleware\\error.middleware.ts": {"path":"C:\\localWork\\localWork\\backend\\src\\middleware\\error.middleware.ts","statementMap":{"0":{"start":{"line":11,"column":4},"end":{"line":11,"column":null}},"1":{"start":{"line":12,"column":4},"end":{"line":12,"column":null}},"2":{"start":{"line":13,"column":4},"end":{"line":13,"column":null}},"3":{"start":{"line":14,"column":4},"end":{"line":14,"column":null}},"4":{"start":{"line":24,"column":17},"end":{"line":24,"column":null}},"5":{"start":{"line":25,"column":18},"end":{"line":25,"column":null}},"6":{"start":{"line":28,"column":2},"end":{"line":32,"column":null}},"7":{"start":{"line":34,"column":2},"end":{"line":37,"column":null}},"8":{"start":{"line":41,"column":2},"end":{"line":41,"column":null}}},"fnMap":{"0":{"name":"(anonymous_0)","decl":{"start":{"line":10,"column":2},"end":{"line":10,"column":14}},"loc":{"start":{"line":10,"column":72},"end":{"line":14,"column":null}},"line":10},"1":{"name":"errorHandler","decl":{"start":{"line":18,"column":16},"end":{"line":18,"column":null}},"loc":{"start":{"line":23,"column":8},"end":{"line":37,"column":null}},"line":23},"2":{"name":"notFoundHandler","decl":{"start":{"line":40,"column":16},"end":{"line":40,"column":32}},"loc":{"start":{"line":40,"column":68},"end":{"line":41,"column":null}},"line":40}},"branchMap":{"0":{"loc":{"start":{"line":10,"column":31},"end":{"line":10,"column":53}},"type":"default-arg","locations":[{"start":{"line":10,"column":48},"end":{"line":10,"column":53}}],"line":10},"1":{"loc":{"start":{"line":24,"column":17},"end":{"line":24,"column":null}},"type":"cond-expr","locations":[{"start":{"line":24,"column":43},"end":{"line":24,"column":56}},{"start":{"line":24,"column":56},"end":{"line":24,"column":null}}],"line":24},"2":{"loc":{"start":{"line":25,"column":18},"end":{"line":25,"column":null}},"type":"binary-expr","locations":[{"start":{"line":25,"column":18},"end":{"line":25,"column":33}},{"start":{"line":25,"column":33},"end":{"line":25,"column":null}}],"line":25},"3":{"loc":{"start":{"line":31,"column":8},"end":{"line":31,"column":null}},"type":"cond-expr","locations":[{"start":{"line":31,"column":34},"end":{"line":31,"column":58}},{"start":{"line":31,"column":61},"end":{"line":31,"column":null}}],"line":31},"4":{"loc":{"start":{"line":36,"column":8},"end":{"line":36,"column":null}},"type":"cond-expr","locations":[{"start":{"line":36,"column":49},"end":{"line":36,"column":73}},{"start":{"line":36,"column":76},"end":{"line":36,"column":null}}],"line":36},"5":{"loc":{"start":{"line":36,"column":8},"end":{"line":36,"column":49}},"type":"binary-expr","locations":[{"start":{"line":36,"column":8},"end":{"line":36,"column":35}},{"start":{"line":36,"column":35},"end":{"line":36,"column":49}}],"line":36}},"s":{"0":41,"1":41,"2":41,"3":41,"4":4,"5":4,"6":4,"7":4,"8":0},"f":{"0":41,"1":4,"2":0},"b":{"0":[41],"1":[4,0],"2":[4,0],"3":[4,0],"4":[0,4],"5":[4,4]},"meta":{"lastBranch":6,"lastFunction":3,"lastStatement":9,"seen":{"f:10:2:10:14":0,"b:10:48:10:53":0,"s:11:4:11:Infinity":0,"s:12:4:12:Infinity":1,"s:13:4:13:Infinity":2,"s:14:4:14:Infinity":3,"f:18:16:18:Infinity":1,"s:24:17:24:Infinity":4,"b:24:43:24:56:24:56:24:Infinity":1,"s:25:18:25:Infinity":5,"b:25:18:25:33:25:33:25:Infinity":2,"s:28:2:32:Infinity":6,"b:31:34:31:58:31:61:31:Infinity":3,"s:34:2:37:Infinity":7,"b:36:49:36:73:36:76:36:Infinity":4,"b:36:8:36:35:36:35:36:49":5,"f:40:16:40:32":2,"s:41:2:41:Infinity":8}}}
,"C:\\localWork\\localWork\\backend\\src\\routes\\admin.routes.ts": {"path":"C:\\localWork\\localWork\\backend\\src\\routes\\admin.routes.ts","statementMap":{"0":{"start":{"line":8,"column":6},"end":{"line":8,"column":23}},"1":{"start":{"line":11,"column":0},"end":{"line":11,"column":null}},"2":{"start":{"line":12,"column":0},"end":{"line":12,"column":null}},"3":{"start":{"line":14,"column":0},"end":{"line":14,"column":null}},"4":{"start":{"line":15,"column":0},"end":{"line":15,"column":null}},"5":{"start":{"line":16,"column":0},"end":{"line":16,"column":null}}},"fnMap":{},"branchMap":{},"s":{"0":11,"1":11,"2":11,"3":11,"4":11,"5":11},"f":{},"b":{},"meta":{"lastBranch":0,"lastFunction":0,"lastStatement":6,"seen":{"s:8:6:8:23":0,"s:11:0:11:Infinity":1,"s:12:0:12:Infinity":2,"s:14:0:14:Infinity":3,"s:15:0:15:Infinity":4,"s:16:0:16:Infinity":5}}}
,"C:\\localWork\\localWork\\backend\\src\\routes\\applications.routes.ts": {"path":"C:\\localWork\\localWork\\backend\\src\\routes\\applications.routes.ts","statementMap":{"0":{"start":{"line":9,"column":6},"end":{"line":9,"column":23}},"1":{"start":{"line":11,"column":6},"end":{"line":26,"column":2}},"2":{"start":{"line":15,"column":20},"end":{"line":19,"column":null}},"3":{"start":{"line":20,"column":4},"end":{"line":23,"column":null}},"4":{"start":{"line":21,"column":6},"end":{"line":21,"column":null}},"5":{"start":{"line":23,"column":6},"end":{"line":23,"column":null}},"6":{"start":{"line":28,"column":0},"end":{"line":28,"column":null}},"7":{"start":{"line":29,"column":0},"end":{"line":29,"column":null}},"8":{"start":{"line":30,"column":0},"end":{"line":30,"column":null}},"9":{"start":{"line":31,"column":0},"end":{"line":31,"column":null}},"10":{"start":{"line":32,"column":0},"end":{"line":32,"column":null}},"11":{"start":{"line":33,"column":0},"end":{"line":33,"column":null}}},"fnMap":{"0":{"name":"(anonymous_0)","decl":{"start":{"line":14,"column":2},"end":{"line":14,"column":15}},"loc":{"start":{"line":14,"column":34},"end":{"line":23,"column":null}},"line":14}},"branchMap":{"0":{"loc":{"start":{"line":20,"column":4},"end":{"line":23,"column":null}},"type":"if","locations":[{"start":{"line":20,"column":4},"end":{"line":23,"column":null}},{"start":{"line":22,"column":11},"end":{"line":23,"column":null}}],"line":20}},"s":{"0":11,"1":11,"2":0,"3":0,"4":0,"5":0,"6":11,"7":11,"8":11,"9":11,"10":11,"11":11},"f":{"0":0},"b":{"0":[0,0]},"meta":{"lastBranch":1,"lastFunction":1,"lastStatement":12,"seen":{"s:9:6:9:23":0,"s:11:6:26:2":1,"f:14:2:14:15":0,"s:15:20:19:Infinity":2,"b:20:4:23:Infinity:22:11:23:Infinity":0,"s:20:4:23:Infinity":3,"s:21:6:21:Infinity":4,"s:23:6:23:Infinity":5,"s:28:0:28:Infinity":6,"s:29:0:29:Infinity":7,"s:30:0:30:Infinity":8,"s:31:0:31:Infinity":9,"s:32:0:32:Infinity":10,"s:33:0:33:Infinity":11}}}
,"C:\\localWork\\localWork\\backend\\src\\routes\\auth.routes.ts": {"path":"C:\\localWork\\localWork\\backend\\src\\routes\\auth.routes.ts","statementMap":{"0":{"start":{"line":8,"column":6},"end":{"line":8,"column":23}},"1":{"start":{"line":10,"column":0},"end":{"line":10,"column":null}},"2":{"start":{"line":11,"column":0},"end":{"line":11,"column":null}},"3":{"start":{"line":12,"column":0},"end":{"line":12,"column":null}},"4":{"start":{"line":13,"column":0},"end":{"line":13,"column":null}},"5":{"start":{"line":14,"column":0},"end":{"line":14,"column":null}},"6":{"start":{"line":15,"column":0},"end":{"line":15,"column":null}}},"fnMap":{},"branchMap":{},"s":{"0":11,"1":11,"2":11,"3":11,"4":11,"5":11,"6":11},"f":{},"b":{},"meta":{"lastBranch":0,"lastFunction":0,"lastStatement":7,"seen":{"s:8:6:8:23":0,"s:10:0:10:Infinity":1,"s:11:0:11:Infinity":2,"s:12:0:12:Infinity":3,"s:13:0:13:Infinity":4,"s:14:0:14:Infinity":5,"s:15:0:15:Infinity":6}}}
,"C:\\localWork\\localWork\\backend\\src\\routes\\chat.routes.ts": {"path":"C:\\localWork\\localWork\\backend\\src\\routes\\chat.routes.ts","statementMap":{"0":{"start":{"line":10,"column":6},"end":{"line":10,"column":23}},"1":{"start":{"line":12,"column":6},"end":{"line":30,"column":2}},"2":{"start":{"line":17,"column":20},"end":{"line":23,"column":null}},"3":{"start":{"line":24,"column":4},"end":{"line":27,"column":null}},"4":{"start":{"line":25,"column":6},"end":{"line":25,"column":null}},"5":{"start":{"line":27,"column":6},"end":{"line":27,"column":null}},"6":{"start":{"line":32,"column":6},"end":{"line":36,"column":2}},"7":{"start":{"line":38,"column":0},"end":{"line":38,"column":null}},"8":{"start":{"line":39,"column":0},"end":{"line":39,"column":null}},"9":{"start":{"line":40,"column":0},"end":{"line":40,"column":null}},"10":{"start":{"line":41,"column":0},"end":{"line":41,"column":null}},"11":{"start":{"line":42,"column":0},"end":{"line":42,"column":null}},"12":{"start":{"line":43,"column":0},"end":{"line":43,"column":null}},"13":{"start":{"line":44,"column":0},"end":{"line":44,"column":null}},"14":{"start":{"line":45,"column":0},"end":{"line":45,"column":null}},"15":{"start":{"line":46,"column":0},"end":{"line":46,"column":null}},"16":{"start":{"line":47,"column":0},"end":{"line":47,"column":null}},"17":{"start":{"line":48,"column":0},"end":{"line":48,"column":null}}},"fnMap":{"0":{"name":"(anonymous_0)","decl":{"start":{"line":15,"column":2},"end":{"line":15,"column":15}},"loc":{"start":{"line":15,"column":34},"end":{"line":27,"column":null}},"line":15}},"branchMap":{"0":{"loc":{"start":{"line":24,"column":4},"end":{"line":27,"column":null}},"type":"if","locations":[{"start":{"line":24,"column":4},"end":{"line":27,"column":null}},{"start":{"line":26,"column":11},"end":{"line":27,"column":null}}],"line":24}},"s":{"0":11,"1":11,"2":0,"3":0,"4":0,"5":0,"6":11,"7":11,"8":11,"9":11,"10":11,"11":11,"12":11,"13":11,"14":11,"15":11,"16":11,"17":11},"f":{"0":0},"b":{"0":[0,0]},"meta":{"lastBranch":1,"lastFunction":1,"lastS
[...]
d":{"line":172,"column":46}}],"line":172},"24":{"loc":{"start":{"line":172,"column":88},"end":{"line":172,"column":115}},"type":"cond-expr","locations":[{"start":{"line":172,"column":106},"end":{"line":172,"column":112}},{"start":{"line":172,"column":112},"end":{"line":172,"column":115}}],"line":172},"25":{"loc":{"start":{"line":194,"column":4},"end":{"line":194,"column":null}},"type":"default-arg","locations":[{"start":{"line":194,"column":11},"end":{"line":194,"column":null}}],"line":194},"26":{"loc":{"start":{"line":195,"column":4},"end":{"line":195,"column":null}},"type":"default-arg","locations":[{"start":{"line":195,"column":14},"end":{"line":195,"column":null}}],"line":195},"27":{"loc":{"start":{"line":211,"column":4},"end":{"line":213,"column":null}},"type":"if","locations":[{"start":{"line":211,"column":4},"end":{"line":213,"column":null}},{"start":{},"end":{}}],"line":211},"28":{"loc":{"start":{"line":224,"column":39},"end":{"line":231,"column":null}},"type":"binary-expr","locations":[{"start":{"line":224,"column":39},"end":{"line":224,"column":61}},{"start":{"line":224,"column":61},"end":{"line":231,"column":null}}],"line":224},"29":{"loc":{"start":{"line":234,"column":13},"end":{"line":234,"column":23}},"type":"binary-expr","locations":[{"start":{"line":234,"column":13},"end":{"line":234,"column":21}},{"start":{"line":234,"column":21},"end":{"line":234,"column":23}}],"line":234},"30":{"loc":{"start":{"line":235,"column":15},"end":{"line":235,"column":null}},"type":"binary-expr","locations":[{"start":{"line":235,"column":15},"end":{"line":235,"column":26}},{"start":{"line":235,"column":26},"end":{"line":235,"column":null}}],"line":235},"31":{"loc":{"start":{"line":236,"column":13},"end":{"line":236,"column":null}},"type":"binary-expr","locations":[{"start":{"line":236,"column":13},"end":{"line":236,"column":22}},{"start":{"line":236,"column":22},"end":{"line":236,"column":null}}],"line":236},"32":{"loc":{"start":{"line":240,"column":30},"end":{"line":240,"column":44}},"type":"binary-expr","locations":[{"start":{"line":240,"column":30},"end":{"line":240,"column":39}},{"start":{"line":240,"column":39},"end":{"line":240,"column":44}}],"line":240},"33":{"loc":{"start":{"line":252,"column":4},"end":{"line":254,"column":null}},"type":"if","locations":[{"start":{"line":252,"column":4},"end":{"line":254,"column":null}},{"start":{},"end":{}}],"line":252}},"s":{"0":4,"1":1,"2":3,"3":1,"4":2,"5":2,"6":1,"7":1,"8":0,"9":0,"10":0,"11":0,"12":1,"13":3,"14":0,"15":3,"16":3,"17":0,"18":3,"19":1,"20":2,"21":2,"22":2,"23":2,"24":1,"25":1,"26":0,"27":1,"28":1,"29":0,"30":1,"31":1,"32":0,"33":0,"34":0,"35":0,"36":1,"37":1,"38":0,"39":3,"40":0,"41":0,"42":2,"43":2,"44":2,"45":2,"46":0,"47":0,"48":2,"49":2,"50":2,"51":2,"52":1,"53":1,"54":0,"55":0},"f":{"0":12,"1":12,"2":0,"3":12,"4":12,"5":12},"b":{"0":[1,3],"1":[1,2],"2":[3,3],"3":[2,2],"4":[4,2],"5":[1,1],"6":[1,0],"7":[0,0],"8":[0,3],"9":[3,3],"10":[0,3],"11":[3,3],"12":[1,2],"13":[1,1],"14":[0,1],"15":[0,1],"16":[1,0],"17":[3,0],"18":[3,0],"19":[3,0],"20":[3,1],"21":[0,1],"22":[0,0],"23":[1,0],"24":[1,0],"25":[2],"26":[2],"27":[0,2],"28":[2,1],"29":[2,1],"30":[2,1],"31":[2,1],"32":[2,1],"33":[0,1]},"meta":{"lastBranch":34,"lastFunction":6,"lastStatement":56,"seen":{"f:55:15:55:22":0,"b:56:4:57:Infinity:undefined:undefined:undefined:undefined":0,"s:56:4:57:Infinity":0,"s:57:6:57:Infinity":1,"b:60:4:61:Infinity:undefined:undefined:undefined:undefined":1,"s:60:4:61:Infinity":2,"b:60:8:60:27:60:27:60:44":2,"s:61:6:61:Infinity":3,"s:64:28:75:15":4,"b:69:16:69:32:69:32:69:Infinity":3,"b:71:17:71:34:71:34:71:Infinity":4,"b:77:4:81:Infinity:undefined:undefined:undefined:undefined":5,"s:77:4:81:Infinity":5,"b:78:6:78:Infinity:undefined:undefined:undefined:undefined":6,"s:78:6:78:Infinity":6,"s:78:34:78:Infinity":7,"b:79:6:79:Infinity:undefined:undefined:undefined:undefined":7,"s:79:6:79:Infinity":8,"s:79:34:79:Infinity":9,"s:80:6:80:Infinity":10,"s:81:6:81:Infinity":11,"s:84:4:84:Infinity":12,"f:88:15:88:33":1,"b:90:4:91:Infinity:undefined:undefined:undefined:undefined":8,"s:90:4:91:Infinity":13,"b:90:8:90:27:90:27:90:44":9,"s:91:6:91:Infinity":14,"s:95:41:104:15":15,"b:106:4:107:Infinity:undefined:undefined:undefined:undefined":10,"s:106:4:107:Infinity":16,"b:106:8:106:18:106:18:106:24":11,"s:107:6:107:Infinity":17,"b:111:4:112:Infinity:undefined:undefined:undefined:undefined":12,"s:111:4:112:Infinity":18,"s:112:6:112:Infinity":19,"s:116:16:116:Infinity":20,"s:117:23:117:Infinity":21,"s:118:21:118:Infinity":22,"b:121:4:128:Infinity:124:11:128:Infinity":13,"s:121:4:128:Infinity":23,"s:123:6:123:Infinity":24,"b:124:11:128:Infinity:127:11:128:Infinity":14,"s:124:11:128:Infinity":25,"s:126:6:126:Infinity":26,"s:128:6:128:Infinity":27,"b:132:4:133:Infinity:undefined:undefined:undefined:undefined":15,"s:132:4:133:Infinity":28,"s:133:6:133:Infinity":29,"s:137:28:153:15":30,"b:146:21:146:42:146:42:146:Infinity":16,"b:147:17:147:34:147:34:147:Infinity":17,"b:148:23:148:46:148:46:148:Infinity":18,"b:149:25:149:50:149:50:149:Infinity":19,"b:150:17:150:34:150:34:150:Infinity":20,"b:155:4:158:Infinity:undefined:undefined:undefined:undefined":21,"s:155:4:158:Infinity":31,"b:156:6:156:Infinity:undefined:undefined:undefined:undefined":22,"s:156:6:156:Infinity":32,"s:156:34:156:Infinity":33,"s:157:6:157:Infinity":34,"s:158:6:158:Infinity":35,"s:162:35:166:15":36,"s:168:4:174:Infinity":37,"b:172:9:172:36:172:36:172:46":23,"b:172:106:172:112:172:112:172:115":24,"f:174:6:174:12":2,"s:174:19:174:94":38,"s:176:4:176:Infinity":39,"f:180:15:180:35":3,"s:181:21:186:20":40,"s:188:4:188:Infinity":41,"f:192:15:192:Infinity":4,"b:194:11:194:Infinity":25,"b:195:14:195:Infinity":26,"s:197:10:197:Infinity":42,"s:198:15:198:Infinity":43,"s:200:35:209:22":44,"b:211:4:213:Infinity:undefined:undefined:undefined:undefined":27,"s:211:4:213:Infinity":45,"s:212:6:212:Infinity":46,"s:213:6:213:Infinity":47,"s:217:30:218:47":48,"s:221:36:222:53":49,"s:224:39:231:Infinity":50,"b:224:39:224:61:224:61:231:Infinity":28,"s:233:4:241:Infinity":51,"b:234:13:234:21:234:21:234:23":29,"b:235:15:235:26:235:26:235:Infinity":30,"b:236:13:236:22:236:22:236:Infinity":31,"b:240:30:240:39:240:39:240:44":32,"f:245:15:245:22":5,"s:246:22:250:30":52,"b:252:4:254:Infinity:undefined:undefined:undefined:undefined":33,"s:252:4:254:Infinity":53,"s:253:6:253:Infinity":54,"s:254:6:254:Infinity":55}}}
,"C:\\localWork\\localWork\\backend\\src\\tests\\__mocks__\\supabase.ts": {"path":"C:\\localWork\\localWork\\backend\\src\\tests\\__mocks__\\supabase.ts","statementMap":{"0":{"start":{"line":19,"column":23},"end":{"line":19,"column":25}},"1":{"start":{"line":21,"column":23},"end":{"line":25,"column":null}},"2":{"start":{"line":27,"column":2},"end":{"line":28,"column":null}},"3":{"start":{"line":28,"column":4},"end":{"line":28,"column":null}},"4":{"start":{"line":28,"column":34},"end":{"line":28,"column":42}},"5":{"start":{"line":31,"column":2},"end":{"line":31,"column":null}},"6":{"start":{"line":31,"column":38},"end":{"line":31,"column":67}},"7":{"start":{"line":32,"column":2},"end":{"line":32,"column":null}},"8":{"start":{"line":32,"column":43},"end":{"line":32,"column":72}},"9":{"start":{"line":33,"column":2},"end":{"line":33,"column":null}},"10":{"start":{"line":33,"column":52},"end":{"line":33,"column":91}},"11":{"start":{"line":34,"column":2},"end":{"line":34,"column":null}},"12":{"start":{"line":34,"column":61},"end":{"line":34,"column":107}},"13":{"start":{"line":36,"column":2},"end":{"line":46,"column":null}},"14":{"start":{"line":37,"column":16},"end":{"line":41,"column":null}},"15":{"start":{"line":42,"column":4},"end":{"line":42,"column":null}},"16":{"start":{"line":43,"column":4},"end":{"line":43,"column":null}},"17":{"start":{"line":44,"column":4},"end":{"line":44,"column":null}},"18":{"start":{"line":45,"column":4},"end":{"line":45,"column":null}},"19":{"start":{"line":45,"column":74},"end":{"line":45,"column":86}},"20":{"start":{"line":46,"column":4},"end":{"line":46,"column":null}},"21":{"start":{"line":49,"column":2},"end":{"line":49,"column":null}},"22":{"start":{"line":57,"column":19},"end":{"line":57,"column":79}},"23":{"start":{"line":59,"column":8},"end":{"line":63,"column":null}},"24":{"start":{"line":60,"column":4},"end":{"line":61,"column":null}},"25":{"start":{"line":61,"column":6},"end":{"line":61,"column":null}},"26":{"start":{"line":63,"column":4},"end":{"line":63,"column":null}},"27":{"start":{"line":66,"column":24},"end":{"line":97,"column":null}},"28":{"start":{"line":67,"column":35},"end":{"line":67,"column":52}},"29":{"start":{"line":68,"column":21},"end":{"line":68,"column":65}},"30":{"start":{"line":71,"column":32},"end":{"line":74,"column":10}},"31":{"start":{"line":76,"column":38},"end":{"line":79,"column":8}},"32":{"start":{"line":81,"column":8},"end":{"line":82,"column":null}},"33":{"start":{"line":82,"column":10},"end":{"line":82,"column":null}},"34":{"start":{"line":84,"column":8},"end":{"line":87,"column":null}},"35":{"start":{"line":89,"column":41},"end":{"line":89,"column":73}},"36":{"start":{"line":92,"column":25},"end":{"line":95,"column":9}},"37":{"start":{"line":93,"column":28},"end":{"line":93,"column":89}},"38":{"start":{"line":94,"column":35},"end":{"line":94,"column":91}},"39":{"start":{"line":99,"column":2},"end":{"line":99,"column":null}},"40":{"start":{"line":103,"column":64},"end":{"line":103,"column":null}},"41":{"start":{"line":106,"column":2},"end":{"line":106,"column":null}},"42":{"start":{"line":110,"column":2},"end":{"line":110,"column":null}},"43":{"start":{"line":114,"column":15},"end":{"line":114,"column":35}},"44":{"start":{"line":115,"column":2},"end":{"line":115,"column":null}},"45":{"start":{"line":116,"column":2},"end":{"line":119,"column":null}},"46":{"start":{"line":118,"column":53},"end":{"line":118,"column":null}}},"fnMap":{"0":{"name":"createMockQueryBuilder","decl":{"start":{"line":18,"column":16},"end":{"line":18,"column":41}},"loc":{"start":{"line":18,"column":41},"end":{"line":49,"column":null}},"line":18},"1":{"name":"(anonymous_1)","decl":{"start":{"line":28,"column":25},"end":{"line":28,"column":34}},"loc":{"start":{"line":28,"column":34},"end":{"line":28,"column":42}},"line":28},"2":{"name":"(anonymous_2)","decl":{"start":{"line":31,"column":25},"end":{"line":31,"column":38}},"loc":{"start":{"line":31,"column":38},"end":{"line":31,"column":67}},"line":31},"3":{"name":"(anonymous_3)","decl":{"start":{"line":32,"column":30},"end":{"line":32,"column":43}},"loc":{"start":{"line":32,"column":43},"end":{"line":32,"column":72}},"line":32},"4":{"name":"(anonymous_4)","decl":{"start":{"line":33,"column":24},"end":{"line":33,"column":31}},"loc":{"start":{"line":33,"column":52},"end":{"line":33,"column":91}},"line":33},"5":{"name":"(anonymous_5)","decl":{"start":{"line":34,"column":20},"end":{"line":34,"column":24}},"loc":{"start":{"line":34,"column":61},"end":{"line":34,"column":107}},"line":34},"6":{"name":"(anonymous_6)","decl":{"start":{"line":36,"column":10},"end":{"line":36,"column":23}},"loc":{"start":{"line":36,"column":46},"end":{"line":46,"column":null}},"line":36},"7":{"name":"(anonymous_7)","decl":{"start":{"line":45,"column":17},"end":{"line":45,"column":37}},"loc":{"start":{"line":45,"column":74},"end":{"line":45,"column":86}},"line":45},"8":{"name":"createMockSupabase","decl":{"start":{"line":56,"column":16},"end":{"line":56,"column":37}},"loc":{"start":{"line":56,"column":37},"end":{"line":99,"column":null}},"line":56},"9":{"name":"(anonymous_9)","decl":{"start":{"line":59,"column":8},"end":{"line":59,"column":22}},"loc":{"start":{"line":59,"column":40},"end":{"line":63,"column":null}},"line":59},"10":{"name":"(anonymous_10)","decl":{"start":{"line":67,"column":13},"end":{"line":67,"column":17}},"loc":{"start":{"line":67,"column":35},"end":{"line":67,"column":52}},"line":67},"11":{"name":"(anonymous_11)","decl":{"start":{"line":68,"column":12},"end":{"line":68,"column":21}},"loc":{"start":{"line":68,"column":21},"end":{"line":68,"column":65}},"line":68},"12":{"name":"(anonymous_12)","decl":{"start":{"line":71,"column":23},"end":{"line":71,"column":32}},"loc":{"start":{"line":71,"column":32},"end":{"line":74,"column":10}},"line":71},"13":{"name":"(anonymous_13)","decl":{"start":{"line":76,"column":29},"end":{"line":76,"column":38}},"loc":{"start":{"line":76,"column":38},"end":{"line":79,"column":8}},"line":76},"14":{"name":"(anonymous_14)","decl":{"start":{"line":80,"column":18},"end":{"line":80,"column":22}},"loc":{"start":{"line":80,"column":40},"end":{"line":88,"column":null}},"line":80},"15":{"name":"(anonymous_15)","decl":{"start":{"line":89,"column":32},"end":{"line":89,"column":41}},"loc":{"start":{"line":89,"column":41},"end":{"line":89,"column":73}},"line":89},"16":{"name":"(anonymous_16)","decl":{"start":{"line":92,"column":15},"end":{"line":92,"column":25}},"loc":{"start":{"line":92,"column":25},"end":{"line":95,"column":9}},"line":92},"17":{"name":"(anonymous_17)","decl":{"start":{"line":93,"column":19},"end":{"line":93,"column":28}},"loc":{"start":{"line":93,"column":28},"end":{"line":93,"column":89}},"line":93},"18":{"name":"(anonymous_18)","decl":{"start":{"line":94,"column":25},"end":{"line":94,"column":35}},"loc":{"start":{"line":94,"column":35},"end":{"line":94,"column":91}},"line":94},"19":{"name":"setGlobalMock","decl":{"start":{"line":105,"column":16},"end":{"line":105,"column":30}},"loc":{"start":{"line":105,"column":75},"end":{"line":106,"column":null}},"line":105},"20":{"name":"getGlobalMock","decl":{"start":{"line":109,"column":16},"end":{"line":109,"column":32}},"loc":{"start":{"line":109,"column":32},"end":{"line":110,"column":null}},"line":109},"21":{"name":"createMockSupabaseModule","decl":{"start":{"line":113,"column":16},"end":{"line":113,"column":43}},"loc":{"start":{"line":113,"column":43},"end":{"line":119,"column":null}},"line":113},"22":{"name":"(anonymous_22)","decl":{"start":{"line":118,"column":29},"end":{"line":118,"column":33}},"loc":{"start":{"line":118,"column":53},"end":{"line":118,"column":null}},"line":118}},"branchMap":{"0":{"loc":{"start":{"line":38,"column":12},"end":{"line":38,"column":null}},"type":"binary-expr","locations":[{"start":{"line":38,"column":12},"end":{"line":38,"column":27}},{"start":{"line":38,"column":27},"end":{"line":38,"column":null}}],"line":38},"1":{"loc":{"start":{"line":39,"column":13},"end":{"line":39,"column":null}},"type":"binary-expr","locations":[{"start":{"line":39,"column":13},"end":{"line":39,"column":29}},{"start":{"line":39,"column":29},"end":{"line":39,"column":null}}],"line":39},"2":{"loc":{"start":{"line":40,"column":13},"end":{"line":40,"column":null}},"type":"binary-expr","locations":[{"start":{"line":40,"column":13},"end":{"line":40,"column":30}},{"start":{"line":40,"column":30},"end":{"line":40,"column":null}}],"line":40},"3":{"loc":{"start":{"line":40,"column":30},"end":{"line":40,"column":null}},"type":"cond-expr","locations":[{"start":{"line":40,"column":59},"end":{"line":40,"column":80}},{"start":{"line":40,"column":80},"end":{"line":40,"column":null}}],"line":40},"4":{"loc":{"start":{"line":40,"column":80},"end":{"line":40,"column":null}},"type":"cond-expr","locations":[{"start":{"line":40,"column":94},"end":{"line":40,"column":98}},{"start":{"line":40,"column":98},"end":{"line":40,"column":null}}],"line":40},"5":{"loc":{"start":{"line":42,"column":45},"end":{"line":42,"column":66}},"type":"binary-expr","locations":[{"start":{"line":42,"column":45},"end":{"line":42,"column":60}},{"start":{"line":42,"column":60},"end":{"line":42,"column":66}}],"line":42},"6":{"loc":{"start":{"line":42,"column":73},"end":{"line":42,"column":95}},"type":"binary-expr","locations":[{"start":{"line":42,"column":73},"end":{"line":42,"column":89}},{"start":{"line":42,"column":89},"end":{"line":42,"column":95}}],"line":42},"7":{"loc":{"start":{"line":43,"column":50},"end":{"line":43,"column":71}},"type":"binary-expr","locations":[{"start":{"line":43,"column":50},"end":{"line":43,"column":65}},{"start":{"line":43,"column":65},"end":{"line":43,"column":71}}],"line":43},"8":{"loc":{"start":{"line":43,"column":78},"end":{"line":43,"column":100}},"type":"binary-expr","locations":[{"start":{"line":43,"column":78},"end":{"line":43,"column":94}},{"start":{"line":43,"column":94},"end":{"line":43,"column":100}}],"line":43},"9":{"loc":{"start":{"line":60,"column":4},"end":{"line":61,"column":null}},"type":"if","locations":[{"start":{"line":60,"column":4},"end":{"line":61,"column":null}},{"start":{},"end":{}}],"line":60},"10":{"loc":{"start":{"line":81,"column":8},"end":{"line":82,"column":null}},"type":"if","locations":[{"start":{"line":81,"column":8},"end":{"line":82,"column":null}},{"start":{},"end":{}}],"line":81}},"s":{"0":154,"1":154,"2":154,"3":2926,"4":391,"5":154,"6":4,"7":154,"8":0,"9":154,"10":0,"11":154,"12":10,"13":154,"14":143,"15":143,"16":143,"17":143,"18":143,"19":52,"20":143,"21":154,"22":18,"23":18,"24":367,"25":154,"26":367,"27":18,"28":177,"29":3,"30":1,"31":2,"32":18,"33":0,"34":18,"35":1,"36":2,"37":1,"38":1,"39":18,"40":18,"41":17,"42":302,"43":17,"44":17,"45":17,"46":0},"f":{"0":154,"1":391,"2":4,"3":0,"4":0,"5":10,"6":143,"7":52,"8":18,"9":367,"10":177,"11":3,"12":1,"13":2,"14":18,"15":1,"16":2,"17":1,"18":1,"19":17,"20":302,"21":17,"22":0},"b":{"0":[143,27],"1":[143,134],"2":[143,129],"3":[17,112],"4":[88,24],"5":[143,27],"6":[143,134],"7":[143,27],"8":[143,134],"9":[154,213],"10":[0,18]},"meta":{"lastBranch":11,"lastFunction":23,"lastStatement":47,"seen":{"f:18:16:18:41":0,"s:19:23:19:25":0,"s:21:23:25:Infinity":1,"s:27:2:28:Infinity":2,"s:28:4:28:Infinity":3,"f:28:25:28:34":1,"s:28:34:28:42":4,"s:31:2:31:Infinity":5,"f:31:25:31:38":2,"s:31:38:31:67":6,"s:32:2:32:Infinity":7,"f:32:30:32:43":3,"s:32:43:32:72":8,"s:33:2:33:Infinity":9,"f:33:24:33:31":4,"s:33:52:33:91":10,"s:34:2:34:Infinity":11,"f:34:20:34:24":5,"s:34:61:34:107":12,"s:36:2:46:Infinity":13,"f:36:10:36:23":6,"s:37:16:41:Infinity":14,"b:38:12:38:27:38:27:38:Infinity":0,"b:39:13:39:29:39:29:39:Infinity":1,"b:40:13:40:30:40:30:40:Infinity":2,"b:40:59:40:80:40:80:40:Infinity":3,"b:40:94:40:98:40:98:40:Infinity":4,"s:42:4:42:Infinity":15,"b:42:45:42:60:42:60:42:66":5,"b:42:73:42:89:42:89:42:95":6,"s:43:4:43:Infinity":16,"b:43:50:43:65:43:65:43:71":7,"b:43:78:43:94:43:94:43:100":8,"s:44:4:44:Infinity":17,"s:45:4:45:Infinity":18,"f:45:17:45:37":7,"s:45:74:45:86":19,"s:46:4:46:Infinity":20,"s:49:2:49:Infinity":21,"f:56:16:56:37":8,"s:57:19:57:79":22,"s:59:8:63:Infinity":23,"f:59:8:59:22":9,"b:60:4:61:Infinity:undefined:undefined:undefined:undefined":9,"s:60:4:61:Infinity":24,"s:61:6:61:Infinity":25,"s:63:4:63:Infinity":26,"s:66:24:97:Infinity":27,"f:67:13:67:17":10,"s:67:35:67:52":28,"f:68:12:68:21":11,"s:68:21:68:65":29,"f:71:23:71:32":12,"s:71:32:74:10":30,"f:76:29:76:38":13,"s:76:38:79:8":31,"f:80:18:80:22":14,"b:81:8:82:Infinity:undefined:undefined:undefined:undefined":10,"s:81:8:82:Infinity":32,"s:82:10:82:Infinity":33,"s:84:8:87:Infinity":34,"f:89:32:89:41":15,"s:89:41:89:73":35,"f:92:15:92:25":16,"s:92:25:95:9":36,"f:93:19:93:28":17,"s:93:28:93:89":37,"f:94:25:94:35":18,"s:94:35:94:91":38,"s:99:2:99:Infinity":39,"s:103:64:103:Infinity":40,"f:105:16:105:30":19,"s:106:2:106:Infinity":41,"f:109:16:109:32":20,"s:110:2:110:Infinity":42,"f:113:16:113:43":21,"s:114:15:114:35":43,"s:115:2:115:Infinity":44,"s:116:2:119:Infinity":45,"f:118:29:118:33":22,"s:118:53:118:Infinity":46}}}
,"C:\\localWork\\localWork\\backend\\src\\utils\\string.ts": {"path":"C:\\localWork\\localWork\\backend\\src\\utils\\string.ts","statementMap":{"0":{"start":{"line":3,"column":2},"end":{"line":3,"column":null}}},"fnMap":{"0":{"name":"removeAccents","decl":{"start":{"line":2,"column":16},"end":{"line":2,"column":30}},"loc":{"start":{"line":2,"column":51},"end":{"line":3,"column":null}},"line":2}},"branchMap":{},"s":{"0":1},"f":{"0":1},"b":{},"meta":{"lastBranch":0,"lastFunction":1,"lastStatement":1,"seen":{"f:2:16:2:30":0,"s:3:2:3:Infinity":0}}}
}
